Using pre-set license
Built from '2021.3/staging' branch; Version is '2021.3.11f1 (0a5ca18544bf) revision 679073'; Using compiler version '192829333'; Build Type 'Release'
OS: 'Windows 10  (10.0.19045) 64bit Core' Language: 'en' Physical Memory: 16311 MB
BatchMode: 1, IsHumanControllingUs: 0, StartBugReporterOnCrash: 0, Is64bit: 1, IsPro: 1

COMMAND LINE ARGUMENTS:
C:\Program Files\Unity\Hub\Editor\2021.3.11f1\Editor\Unity.exe
-adb2
-batchMode
-noUpm
-name
AssetImportWorker6
-projectPath
D:/Unity Projects/Github/Little_Warrior_Reboot/Little_Warrior_Reboot
-logFile
Logs/AssetImportWorker6.log
-srvPort
58568
Successfully changed project path to: D:/Unity Projects/Github/Little_Warrior_Reboot/Little_Warrior_Reboot
D:/Unity Projects/Github/Little_Warrior_Reboot/Little_Warrior_Reboot
[UnityMemory] Configuration Parameters - Can be set up in boot.config
    "memorysetup-bucket-allocator-granularity=16"
    "memorysetup-bucket-allocator-bucket-count=8"
    "memorysetup-bucket-allocator-block-size=33554432"
    "memorysetup-bucket-allocator-block-count=8"
    "memorysetup-main-allocator-block-size=16777216"
    "memorysetup-thread-allocator-block-size=16777216"
    "memorysetup-gfx-main-allocator-block-size=16777216"
    "memorysetup-gfx-thread-allocator-block-size=16777216"
    "memorysetup-cache-allocator-block-size=4194304"
    "memorysetup-typetree-allocator-block-size=2097152"
    "memorysetup-profiler-bucket-allocator-granularity=16"
    "memorysetup-profiler-bucket-allocator-bucket-count=8"
    "memorysetup-profiler-bucket-allocator-block-size=33554432"
    "memorysetup-profiler-bucket-allocator-block-count=8"
    "memorysetup-profiler-allocator-block-size=16777216"
    "memorysetup-profiler-editor-allocator-block-size=1048576"
    "memorysetup-temp-allocator-size-main=16777216"
    "memorysetup-job-temp-allocator-block-size=2097152"
    "memorysetup-job-temp-allocator-block-size-background=1048576"
    "memorysetup-job-temp-allocator-reduction-small-platforms=262144"
    "memorysetup-temp-allocator-size-background-worker=32768"
    "memorysetup-temp-allocator-size-job-worker=262144"
    "memorysetup-temp-allocator-size-preload-manager=33554432"
    "memorysetup-temp-allocator-size-nav-mesh-worker=65536"
    "memorysetup-temp-allocator-size-audio-worker=65536"
    "memorysetup-temp-allocator-size-cloud-worker=32768"
    "memorysetup-temp-allocator-size-gi-baking-worker=262144"
    "memorysetup-temp-allocator-size-gfx=262144"
Refreshing native plugins compatible for Editor in 115.07 ms, found 4 plugins.
Preloading 0 native plugins for Editor in 0.00 ms.
Initialize engine version: 2021.3.11f1 (0a5ca18544bf)
[Subsystems] Discovering subsystems at path C:/Program Files/Unity/Hub/Editor/2021.3.11f1/Editor/Data/Resources/UnitySubsystems
[Subsystems] Discovering subsystems at path D:/Unity Projects/Github/Little_Warrior_Reboot/Little_Warrior_Reboot/Assets
GfxDevice: creating device client; threaded=0; jobified=0
Direct3D:
    Version:  Direct3D 11.0 [level 11.1]
    Renderer: AMD Radeon RX 5700 XT (ID=0x731f)
    Vendor:   ATI
    VRAM:     8151 MB
    Driver:   31.0.12027.9001
Initialize mono
Mono path[0] = 'C:/Program Files/Unity/Hub/Editor/2021.3.11f1/Editor/Data/Managed'
Mono path[1] = 'C:/Program Files/Unity/Hub/Editor/2021.3.11f1/Editor/Data/MonoBleedingEdge/lib/mono/unityjit-win32'
Mono config path = 'C:/Program Files/Unity/Hub/Editor/2021.3.11f1/Editor/Data/MonoBleedingEdge/etc'
Using monoOptions --debugger-agent=transport=dt_socket,embedding=1,server=y,suspend=n,address=127.0.0.1:56684
Begin MonoManager ReloadAssembly
Registering precompiled unity dll's ...
Register platform support module: C:/Program Files/Unity/Hub/Editor/2021.3.11f1/Editor/Data/PlaybackEngines/WebGLSupport/UnityEditor.WebGL.Extensions.dll
Register platform support module: C:/Program Files/Unity/Hub/Editor/2021.3.11f1/Editor/Data/PlaybackEngines/WindowsStandaloneSupport/UnityEditor.WindowsStandalone.Extensions.dll
Register platform support module: C:/Program Files/Unity/Hub/Editor/2021.3.11f1/Editor/Data/PlaybackEngines/MetroSupport/UnityEditor.UWP.Extensions.dll
Registered in 0.009728 seconds.
Native extension for UWP target not found
Native extension for WindowsStandalone target not found
Native extension for WebGL target not found
Refreshing native plugins compatible for Editor in 115.07 ms, found 4 plugins.
Preloading 0 native plugins for Editor in 0.00 ms.
Mono: successfully reloaded assembly
- Completed reload, in  0.627 seconds
Domain Reload Profiling:
	ReloadAssembly (628ms)
		BeginReloadAssembly (71ms)
			ExecutionOrderSort (0ms)
			DisableScriptedObjects (0ms)
			BackupInstance (0ms)
			ReleaseScriptingObjects (0ms)
			CreateAndSetChildDomain (1ms)
		EndReloadAssembly (452ms)
			LoadAssemblies (70ms)
			RebuildTransferFunctionScriptingTraits (0ms)
			SetupTypeCache (95ms)
			ReleaseScriptCaches (0ms)
			RebuildScriptCaches (26ms)
			SetupLoadedEditorAssemblies (283ms)
				LogAssemblyErrors (0ms)
				InitializePlatformSupportModulesInManaged (10ms)
				SetLoadedEditorAssemblies (0ms)
				RefreshPlugins (115ms)
				BeforeProcessingInitializeOnLoad (1ms)
				ProcessInitializeOnLoadAttributes (118ms)
				ProcessInitializeOnLoadMethodAttributes (39ms)
				AfterProcessingInitializeOnLoad (0ms)
				EditorAssembliesLoaded (0ms)
			ExecutionOrderSort2 (0ms)
			AwakeInstancesAfterBackupRestoration (0ms)
Platform modules already initialized, skipping
Registering precompiled user dll's ...
Registered in 0.006836 seconds.
Begin MonoManager ReloadAssembly
Symbol file LoadedFromMemory doesn't match image D:\Unity Projects\Github\Little_Warrior_Reboot\Little_Warrior_Reboot\Library\PackageCache\com.unity.visualscripting@1.7.8\Editor\VisualScripting.Core\Dependencies\YamlDotNet\Unity.VisualScripting.YamlDotNet.dll
Symbol file LoadedFromMemory doesn't match image D:\Unity Projects\Github\Little_Warrior_Reboot\Little_Warrior_Reboot\Library\PackageCache\com.unity.visualscripting@1.7.8\Editor\VisualScripting.Core\Dependencies\DotNetZip\Unity.VisualScripting.IonicZip.dll
Native extension for UWP target not found
Native extension for WindowsStandalone target not found
Native extension for WebGL target not found
Refreshing native plugins compatible for Editor in 117.61 ms, found 4 plugins.
Preloading 0 native plugins for Editor in 0.00 ms.
Mono: successfully reloaded assembly
- Completed reload, in  1.599 seconds
Domain Reload Profiling:
	ReloadAssembly (1600ms)
		BeginReloadAssembly (104ms)
			ExecutionOrderSort (0ms)
			DisableScriptedObjects (5ms)
			BackupInstance (0ms)
			ReleaseScriptingObjects (0ms)
			CreateAndSetChildDomain (18ms)
		EndReloadAssembly (1389ms)
			LoadAssemblies (111ms)
			RebuildTransferFunctionScriptingTraits (0ms)
			SetupTypeCache (408ms)
			ReleaseScriptCaches (1ms)
			RebuildScriptCaches (67ms)
			SetupLoadedEditorAssemblies (770ms)
				LogAssemblyErrors (0ms)
				InitializePlatformSupportModulesInManaged (7ms)
				SetLoadedEditorAssemblies (0ms)
				RefreshPlugins (118ms)
				BeforeProcessingInitializeOnLoad (120ms)
				ProcessInitializeOnLoadAttributes (431ms)
				ProcessInitializeOnLoadMethodAttributes (85ms)
				AfterProcessingInitializeOnLoad (9ms)
				EditorAssembliesLoaded (0ms)
			ExecutionOrderSort2 (0ms)
			AwakeInstancesAfterBackupRestoration (5ms)
Platform modules already initialized, skipping
========================================================================
Worker process is ready to serve import requests
Launched and connected shader compiler UnityShaderCompiler.exe after 0.15 seconds
Refreshing native plugins compatible for Editor in 1.18 ms, found 4 plugins.
Preloading 0 native plugins for Editor in 0.00 ms.
Unloading 6132 Unused Serialized files (Serialized files now loaded: 0)
Unloading 59 unused Assets / (0.8 MB). Loaded Objects now: 6585.
Memory consumption went from 238.7 MB to 237.9 MB.
Total: 5.436100 ms (FindLiveObjects: 0.696700 ms CreateObjectMapping: 0.295700 ms MarkObjects: 4.079200 ms  DeleteObjects: 0.363500 ms)

AssetImportParameters requested are different than current active one (requested -> active):
  custom:video-decoder-ogg-theora: a1e56fd34408186e4bbccfd4996cb3dc -> 
  custom:container-muxer-webm: aa71ff27fc2769a1b78a27578f13a17b -> 
  custom:container-demuxer-webm: 4f35f7cbe854078d1ac9338744f61a02 -> 
  custom:video-encoder-webm-vp8: eb34c28f22e8b96e1ab97ce403110664 -> 
  custom:video-codec-MediaFoundation-h265: e54d7ab0439102e2317fc1e4b246158d -> 
  custom:audio-encoder-webm-vorbis: bf7c407c2cedff20999df2af8eb42d56 -> 
  custom:framework-win-MediaFoundation: 216162199b28c13a410421893ffa2e32 -> 
  custom:container-demuxer-ogg: 62fdf1f143b41e24485cea50d1cbac27 -> 
  custom:video-decoder-webm-vp8: 9c59270c3fd7afecdb556c50c9e8de78 -> 
  custom:audio-decoder-ogg-vorbis: bf7c407c2cedff20999df2af8eb42d56 -> 
========================================================================
Received Import Request.
  Time since last request: 93582.282197 seconds.
  path: Assets/Sprites/Animation/Enemies/Turret/EnemyTurretEyeCharge.png
  artifactKey: Guid(2a5d20cc16325f7448e48aee105ce971) Importer(815301076,1909f56bfc062723c751e8b465ee728b)
Start importing Assets/Sprites/Animation/Enemies/Turret/EnemyTurretEyeCharge.png using Guid(2a5d20cc16325f7448e48aee105ce971) Importer(815301076,1909f56bfc062723c751e8b465ee728b)  -> (artifact id: '33ace36a516aa632ac0ec405d8cb5a53') in 0.161529 seconds 
========================================================================
Received Import Request.
  Time since last request: 3.935293 seconds.
  path: Assets/Sprites/Animation/Enemies/Turret/EnemyTurretEyeCharge.png
  artifactKey: Guid(2a5d20cc16325f7448e48aee105ce971) Importer(815301076,1909f56bfc062723c751e8b465ee728b)
Start importing Assets/Sprites/Animation/Enemies/Turret/EnemyTurretEyeCharge.png using Guid(2a5d20cc16325f7448e48aee105ce971) Importer(815301076,1909f56bfc062723c751e8b465ee728b)  -> (artifact id: '87a3a5b841edbde82e9bc8b1a70d05ef') in 0.044405 seconds 
========================================================================
Received Import Request.
  Time since last request: 613.155332 seconds.
  path: Assets/AnimationAssets/Animations/Enemies
  artifactKey: Guid(c4a9fb2de855b524997198a6fb5bc8da) Importer(815301076,1909f56bfc062723c751e8b465ee728b)
Start importing Assets/AnimationAssets/Animations/Enemies using Guid(c4a9fb2de855b524997198a6fb5bc8da) Importer(815301076,1909f56bfc062723c751e8b465ee728b)  -> (artifact id: '82d53be26a82aea9e2acafa39b7cea68') in 0.028315 seconds 
========================================================================
Received Import Request.
  Time since last request: 4.496734 seconds.
  path: Assets/AnimationAssets/Animations/Enemies/Turret
  artifactKey: Guid(0986dc4902781e644944630b079b9762) Importer(815301076,1909f56bfc062723c751e8b465ee728b)
Start importing Assets/AnimationAssets/Animations/Enemies/Turret using Guid(0986dc4902781e644944630b079b9762) Importer(815301076,1909f56bfc062723c751e8b465ee728b)  -> (artifact id: '12ef6361324d76041bc8cc2ab1f3143f') in 0.006494 seconds 
========================================================================
Received Import Request.
  Time since last request: 15.494547 seconds.
  path: Assets/AnimationAssets/Animations/Enemies/Turret/TurretEyeIdle.anim
  artifactKey: Guid(094dfc8259072434baf3c70d3d54ad8e) Importer(815301076,1909f56bfc062723c751e8b465ee728b)
Start importing Assets/AnimationAssets/Animations/Enemies/Turret/TurretEyeIdle.anim using Guid(094dfc8259072434baf3c70d3d54ad8e) Importer(815301076,1909f56bfc062723c751e8b465ee728b)  -> (artifact id: '62397cc9a247f6fb31babb7fcb652dc0') in 0.010459 seconds 
========================================================================
Received Import Request.
  Time since last request: 9.413333 seconds.
  path: Assets/AnimationAssets/Animations/Enemies/Turret/TurretEyeCharging.anim
  artifactKey: Guid(94b18fdfa2e57cf4d808ca04875131a9) Importer(815301076,1909f56bfc062723c751e8b465ee728b)
Start importing Assets/AnimationAssets/Animations/Enemies/Turret/TurretEyeCharging.anim using Guid(94b18fdfa2e57cf4d808ca04875131a9) Importer(815301076,1909f56bfc062723c751e8b465ee728b)  -> (artifact id: '70ca308e0b00170ba5c4038c7ebc389c') in 0.006775 seconds 
========================================================================
Received Import Request.
  Time since last request: 211.080284 seconds.
  path: Assets/AnimationAssets/AnimationControllers/TurretEye.controller
  artifactKey: Guid(e8095bfc3b0142847bddeea3da40269d) Importer(815301076,1909f56bfc062723c751e8b465ee728b)
Start importing Assets/AnimationAssets/AnimationControllers/TurretEye.controller using Guid(e8095bfc3b0142847bddeea3da40269d) Importer(815301076,1909f56bfc062723c751e8b465ee728b)  -> (artifact id: 'd9f9061c8b72539280ada5ef2f2d95e4') in 0.010078 seconds 
========================================================================
Received Import Request.
  Time since last request: 313.912005 seconds.
  path: Assets/Sprites/Sample Textures/Possible Enemy Design 1 move.png
  artifactKey: Guid(8f02a3614455714499eb907f220e4a92) Importer(815301076,1909f56bfc062723c751e8b465ee728b)
Start importing Assets/Sprites/Sample Textures/Possible Enemy Design 1 move.png using Guid(8f02a3614455714499eb907f220e4a92) Importer(815301076,1909f56bfc062723c751e8b465ee728b)  -> (artifact id: 'e830fb970cb8f7637f88c20d1aa32288') in 0.072958 seconds 
