Using pre-set license
Built from '2021.3/staging' branch; Version is '2021.3.11f1 (0a5ca18544bf) revision 679073'; Using compiler version '192829333'; Build Type 'Release'
OS: 'Windows 10  (10.0.19044) 64bit Core' Language: 'en' Physical Memory: 16311 MB
BatchMode: 1, IsHumanControllingUs: 0, StartBugReporterOnCrash: 0, Is64bit: 1, IsPro: 1

COMMAND LINE ARGUMENTS:
C:\Program Files\Unity\Hub\Editor\2021.3.11f1\Editor\Unity.exe
-adb2
-batchMode
-noUpm
-name
AssetImportWorker11
-projectPath
D:/Unity Projects/Github/Little_Warrior_Reboot/Little_Warrior_Reboot
-logFile
Logs/AssetImportWorker11.log
-srvPort
60365
Successfully changed project path to: D:/Unity Projects/Github/Little_Warrior_Reboot/Little_Warrior_Reboot
D:/Unity Projects/Github/Little_Warrior_Reboot/Little_Warrior_Reboot
[UnityMemory] Configuration Parameters - Can be set up in boot.config
    "memorysetup-bucket-allocator-granularity=16"
    "memorysetup-bucket-allocator-bucket-count=8"
    "memorysetup-bucket-allocator-block-size=33554432"
    "memorysetup-bucket-allocator-block-count=8"
    "memorysetup-main-allocator-block-size=16777216"
    "memorysetup-thread-allocator-block-size=16777216"
    "memorysetup-gfx-main-allocator-block-size=16777216"
    "memorysetup-gfx-thread-allocator-block-size=16777216"
    "memorysetup-cache-allocator-block-size=4194304"
    "memorysetup-typetree-allocator-block-size=2097152"
    "memorysetup-profiler-bucket-allocator-granularity=16"
    "memorysetup-profiler-bucket-allocator-bucket-count=8"
    "memorysetup-profiler-bucket-allocator-block-size=33554432"
    "memorysetup-profiler-bucket-allocator-block-count=8"
    "memorysetup-profiler-allocator-block-size=16777216"
    "memorysetup-profiler-editor-allocator-block-size=1048576"
    "memorysetup-temp-allocator-size-main=16777216"
    "memorysetup-job-temp-allocator-block-size=2097152"
    "memorysetup-job-temp-allocator-block-size-background=1048576"
    "memorysetup-job-temp-allocator-reduction-small-platforms=262144"
    "memorysetup-temp-allocator-size-background-worker=32768"
    "memorysetup-temp-allocator-size-job-worker=262144"
    "memorysetup-temp-allocator-size-preload-manager=33554432"
    "memorysetup-temp-allocator-size-nav-mesh-worker=65536"
    "memorysetup-temp-allocator-size-audio-worker=65536"
    "memorysetup-temp-allocator-size-cloud-worker=32768"
    "memorysetup-temp-allocator-size-gi-baking-worker=262144"
    "memorysetup-temp-allocator-size-gfx=262144"
Refreshing native plugins compatible for Editor in 139.85 ms, found 4 plugins.
Preloading 0 native plugins for Editor in 0.00 ms.
Initialize engine version: 2021.3.11f1 (0a5ca18544bf)
[Subsystems] Discovering subsystems at path C:/Program Files/Unity/Hub/Editor/2021.3.11f1/Editor/Data/Resources/UnitySubsystems
[Subsystems] Discovering subsystems at path D:/Unity Projects/Github/Little_Warrior_Reboot/Little_Warrior_Reboot/Assets
GfxDevice: creating device client; threaded=0; jobified=0
Direct3D:
    Version:  Direct3D 11.0 [level 11.1]
    Renderer: AMD Radeon RX 5700 XT (ID=0x731f)
    Vendor:   ATI
    VRAM:     8151 MB
    Driver:   31.0.12029.7019
Initialize mono
Mono path[0] = 'C:/Program Files/Unity/Hub/Editor/2021.3.11f1/Editor/Data/Managed'
Mono path[1] = 'C:/Program Files/Unity/Hub/Editor/2021.3.11f1/Editor/Data/MonoBleedingEdge/lib/mono/unityjit-win32'
Mono config path = 'C:/Program Files/Unity/Hub/Editor/2021.3.11f1/Editor/Data/MonoBleedingEdge/etc'
Using monoOptions --debugger-agent=transport=dt_socket,embedding=1,server=y,suspend=n,address=127.0.0.1:56532
Begin MonoManager ReloadAssembly
Registering precompiled unity dll's ...
Register platform support module: C:/Program Files/Unity/Hub/Editor/2021.3.11f1/Editor/Data/PlaybackEngines/WebGLSupport/UnityEditor.WebGL.Extensions.dll
Register platform support module: C:/Program Files/Unity/Hub/Editor/2021.3.11f1/Editor/Data/PlaybackEngines/WindowsStandaloneSupport/UnityEditor.WindowsStandalone.Extensions.dll
Register platform support module: C:/Program Files/Unity/Hub/Editor/2021.3.11f1/Editor/Data/PlaybackEngines/MetroSupport/UnityEditor.UWP.Extensions.dll
Registered in 0.012106 seconds.
Native extension for UWP target not found
Native extension for WindowsStandalone target not found
Native extension for WebGL target not found
Refreshing native plugins compatible for Editor in 130.82 ms, found 4 plugins.
Preloading 0 native plugins for Editor in 0.00 ms.
Mono: successfully reloaded assembly
- Completed reload, in  0.989 seconds
Domain Reload Profiling:
	ReloadAssembly (990ms)
		BeginReloadAssembly (81ms)
			ExecutionOrderSort (0ms)
			DisableScriptedObjects (0ms)
			BackupInstance (0ms)
			ReleaseScriptingObjects (0ms)
			CreateAndSetChildDomain (1ms)
		EndReloadAssembly (664ms)
			LoadAssemblies (78ms)
			RebuildTransferFunctionScriptingTraits (0ms)
			SetupTypeCache (263ms)
			ReleaseScriptCaches (0ms)
			RebuildScriptCaches (25ms)
			SetupLoadedEditorAssemblies (324ms)
				LogAssemblyErrors (0ms)
				InitializePlatformSupportModulesInManaged (11ms)
				SetLoadedEditorAssemblies (0ms)
				RefreshPlugins (131ms)
				BeforeProcessingInitializeOnLoad (1ms)
				ProcessInitializeOnLoadAttributes (132ms)
				ProcessInitializeOnLoadMethodAttributes (48ms)
				AfterProcessingInitializeOnLoad (0ms)
				EditorAssembliesLoaded (0ms)
			ExecutionOrderSort2 (0ms)
			AwakeInstancesAfterBackupRestoration (0ms)
Platform modules already initialized, skipping
Registering precompiled user dll's ...
Registered in 0.008739 seconds.
Begin MonoManager ReloadAssembly
Symbol file LoadedFromMemory doesn't match image D:\Unity Projects\Github\Little_Warrior_Reboot\Little_Warrior_Reboot\Library\PackageCache\com.unity.visualscripting@1.7.8\Editor\VisualScripting.Core\Dependencies\YamlDotNet\Unity.VisualScripting.YamlDotNet.dll
Symbol file LoadedFromMemory doesn't match image D:\Unity Projects\Github\Little_Warrior_Reboot\Little_Warrior_Reboot\Library\PackageCache\com.unity.visualscripting@1.7.8\Editor\VisualScripting.Core\Dependencies\DotNetZip\Unity.VisualScripting.IonicZip.dll
Native extension for UWP target not found
Native extension for WindowsStandalone target not found
Native extension for WebGL target not found
Refreshing native plugins compatible for Editor in 134.72 ms, found 4 plugins.
Preloading 0 native plugins for Editor in 0.00 ms.
Mono: successfully reloaded assembly
- Completed reload, in  1.620 seconds
Domain Reload Profiling:
	ReloadAssembly (1621ms)
		BeginReloadAssembly (121ms)
			ExecutionOrderSort (0ms)
			DisableScriptedObjects (6ms)
			BackupInstance (0ms)
			ReleaseScriptingObjects (0ms)
			CreateAndSetChildDomain (23ms)
		EndReloadAssembly (1376ms)
			LoadAssemblies (112ms)
			RebuildTransferFunctionScriptingTraits (0ms)
			SetupTypeCache (316ms)
			ReleaseScriptCaches (1ms)
			RebuildScriptCaches (78ms)
			SetupLoadedEditorAssemblies (827ms)
				LogAssemblyErrors (0ms)
				InitializePlatformSupportModulesInManaged (10ms)
				SetLoadedEditorAssemblies (0ms)
				RefreshPlugins (135ms)
				BeforeProcessingInitializeOnLoad (132ms)
				ProcessInitializeOnLoadAttributes (438ms)
				ProcessInitializeOnLoadMethodAttributes (102ms)
				AfterProcessingInitializeOnLoad (10ms)
				EditorAssembliesLoaded (0ms)
			ExecutionOrderSort2 (0ms)
			AwakeInstancesAfterBackupRestoration (6ms)
Platform modules already initialized, skipping
========================================================================
Worker process is ready to serve import requests
Launched and connected shader compiler UnityShaderCompiler.exe after 0.10 seconds
Refreshing native plugins compatible for Editor in 1.42 ms, found 4 plugins.
Preloading 0 native plugins for Editor in 0.00 ms.
Unloading 6100 Unused Serialized files (Serialized files now loaded: 0)
Unloading 71 unused Assets / (1.3 MB). Loaded Objects now: 6541.
Memory consumption went from 237.7 MB to 236.5 MB.
Total: 5.396900 ms (FindLiveObjects: 0.641900 ms CreateObjectMapping: 0.551600 ms MarkObjects: 3.645900 ms  DeleteObjects: 0.556400 ms)

AssetImportParameters requested are different than current active one (requested -> active):
  custom:video-decoder-ogg-theora: a1e56fd34408186e4bbccfd4996cb3dc -> 
  custom:container-muxer-webm: aa71ff27fc2769a1b78a27578f13a17b -> 
  custom:container-demuxer-webm: 4f35f7cbe854078d1ac9338744f61a02 -> 
  custom:video-encoder-webm-vp8: eb34c28f22e8b96e1ab97ce403110664 -> 
  custom:video-codec-MediaFoundation-h265: e54d7ab0439102e2317fc1e4b246158d -> 
  custom:audio-encoder-webm-vorbis: bf7c407c2cedff20999df2af8eb42d56 -> 
  custom:framework-win-MediaFoundation: 216162199b28c13a410421893ffa2e32 -> 
  custom:container-demuxer-ogg: 62fdf1f143b41e24485cea50d1cbac27 -> 
  custom:video-decoder-webm-vp8: 9c59270c3fd7afecdb556c50c9e8de78 -> 
  custom:audio-decoder-ogg-vorbis: bf7c407c2cedff20999df2af8eb42d56 -> 
========================================================================
Received Import Request.
  Time since last request: 1057077.327347 seconds.
  path: Assets/Shaders/UI Shaders/TestCustomBWLocked.mat
  artifactKey: Guid(7f0cd9de09d4d234fbd8833769415872) Importer(815301076,1909f56bfc062723c751e8b465ee728b)
Start importing Assets/Shaders/UI Shaders/TestCustomBWLocked.mat using Guid(7f0cd9de09d4d234fbd8833769415872) Importer(815301076,1909f56bfc062723c751e8b465ee728b)  -> (artifact id: '5a9823cc601db68f6c92e70cc4ec000d') in 0.266085 seconds 
========================================================================
Received Import Request.
  Time since last request: 50.961643 seconds.
  path: Assets/Shaders/UI Shaders/TestCustomBWLocked.mat
  artifactKey: Guid(7f0cd9de09d4d234fbd8833769415872) Importer(815301076,1909f56bfc062723c751e8b465ee728b)
Start importing Assets/Shaders/UI Shaders/TestCustomBWLocked.mat using Guid(7f0cd9de09d4d234fbd8833769415872) Importer(815301076,1909f56bfc062723c751e8b465ee728b)  -> (artifact id: 'f466644fa8dcb251465ccf44086296dc') in 0.011794 seconds 
========================================================================
Received Import Request.
  Time since last request: 14.035019 seconds.
  path: Assets/Shaders/UI Shaders/TestCustomBWLocked.mat
  artifactKey: Guid(7f0cd9de09d4d234fbd8833769415872) Importer(815301076,1909f56bfc062723c751e8b465ee728b)
Start importing Assets/Shaders/UI Shaders/TestCustomBWLocked.mat using Guid(7f0cd9de09d4d234fbd8833769415872) Importer(815301076,1909f56bfc062723c751e8b465ee728b)  -> (artifact id: 'd398120c3cf83b56ce9ec1d0e4ccc25d') in 0.015070 seconds 
========================================================================
Received Import Request.
  Time since last request: 82.122486 seconds.
  path: Assets/Shaders/UI Shaders/TestCustomBWLocked.mat
  artifactKey: Guid(7f0cd9de09d4d234fbd8833769415872) Importer(815301076,1909f56bfc062723c751e8b465ee728b)
Start importing Assets/Shaders/UI Shaders/TestCustomBWLocked.mat using Guid(7f0cd9de09d4d234fbd8833769415872) Importer(815301076,1909f56bfc062723c751e8b465ee728b)  -> (artifact id: '49ba2a12e8f44d18a50223ff36ca6ca5') in 0.014541 seconds 
========================================================================
Received Import Request.
  Time since last request: 14.766241 seconds.
  path: Assets/Shaders/UI Shaders/TestCustomBWLocked.mat
  artifactKey: Guid(7f0cd9de09d4d234fbd8833769415872) Importer(815301076,1909f56bfc062723c751e8b465ee728b)
Start importing Assets/Shaders/UI Shaders/TestCustomBWLocked.mat using Guid(7f0cd9de09d4d234fbd8833769415872) Importer(815301076,1909f56bfc062723c751e8b465ee728b)  -> (artifact id: '04bab6968977ba7b0035a37324e79a79') in 0.010867 seconds 
========================================================================
Received Import Request.
  Time since last request: 10.358226 seconds.
  path: Assets/Shaders/UI Shaders/TestCustomBWLocked.mat
  artifactKey: Guid(7f0cd9de09d4d234fbd8833769415872) Importer(815301076,1909f56bfc062723c751e8b465ee728b)
Start importing Assets/Shaders/UI Shaders/TestCustomBWLocked.mat using Guid(7f0cd9de09d4d234fbd8833769415872) Importer(815301076,1909f56bfc062723c751e8b465ee728b)  -> (artifact id: '44a955fe50b65c52cd9562fe7e992965') in 0.015678 seconds 
========================================================================
Received Import Request.
  Time since last request: 69.151789 seconds.
  path: Assets/Shaders/UI Shaders/TestCustomBWLocked.mat
  artifactKey: Guid(7f0cd9de09d4d234fbd8833769415872) Importer(815301076,1909f56bfc062723c751e8b465ee728b)
Start importing Assets/Shaders/UI Shaders/TestCustomBWLocked.mat using Guid(7f0cd9de09d4d234fbd8833769415872) Importer(815301076,1909f56bfc062723c751e8b465ee728b)  -> (artifact id: 'f5b40fd8b81d5edd946211bd7b13dbef') in 0.011445 seconds 
========================================================================
Received Import Request.
  Time since last request: 3063.793739 seconds.
  path: Assets/Shaders/UI Shaders/TestCustomBWLocked.mat
  artifactKey: Guid(7f0cd9de09d4d234fbd8833769415872) Importer(815301076,1909f56bfc062723c751e8b465ee728b)
Start importing Assets/Shaders/UI Shaders/TestCustomBWLocked.mat using Guid(7f0cd9de09d4d234fbd8833769415872) Importer(815301076,1909f56bfc062723c751e8b465ee728b)  -> (artifact id: 'b56ead5672f64d99746184a1591e9678') in 0.020470 seconds 
========================================================================
Received Import Request.
  Time since last request: 8.269414 seconds.
  path: Assets/Shaders/UI Shaders/TestCustomBWLocked.mat
  artifactKey: Guid(7f0cd9de09d4d234fbd8833769415872) Importer(815301076,1909f56bfc062723c751e8b465ee728b)
Start importing Assets/Shaders/UI Shaders/TestCustomBWLocked.mat using Guid(7f0cd9de09d4d234fbd8833769415872) Importer(815301076,1909f56bfc062723c751e8b465ee728b)  -> (artifact id: 'acdb0f85a46661839a1d4006717d781e') in 0.011233 seconds 
========================================================================
Received Prepare
Registering precompiled user dll's ...
Registered in 0.008058 seconds.
Begin MonoManager ReloadAssembly
Symbol file LoadedFromMemory doesn't match image D:\Unity Projects\Github\Little_Warrior_Reboot\Little_Warrior_Reboot\Library\PackageCache\com.unity.visualscripting@1.7.8\Editor\VisualScripting.Core\Dependencies\YamlDotNet\Unity.VisualScripting.YamlDotNet.dll
Symbol file LoadedFromMemory doesn't match image D:\Unity Projects\Github\Little_Warrior_Reboot\Little_Warrior_Reboot\Library\PackageCache\com.unity.visualscripting@1.7.8\Editor\VisualScripting.Core\Dependencies\DotNetZip\Unity.VisualScripting.IonicZip.dll
Native extension for UWP target not found
Native extension for WindowsStandalone target not found
Native extension for WebGL target not found
Refreshing native plugins compatible for Editor in 1.44 ms, found 4 plugins.
Preloading 0 native plugins for Editor in 0.00 ms.
Mono: successfully reloaded assembly
- Completed reload, in  1.588 seconds
Domain Reload Profiling:
	ReloadAssembly (1590ms)
		BeginReloadAssembly (303ms)
			ExecutionOrderSort (0ms)
			DisableScriptedObjects (44ms)
			BackupInstance (0ms)
			ReleaseScriptingObjects (0ms)
			CreateAndSetChildDomain (129ms)
		EndReloadAssembly (1177ms)
			LoadAssemblies (121ms)
			RebuildTransferFunctionScriptingTraits (0ms)
			SetupTypeCache (328ms)
			ReleaseScriptCaches (3ms)
			RebuildScriptCaches (63ms)
			SetupLoadedEditorAssemblies (574ms)
				LogAssemblyErrors (0ms)
				InitializePlatformSupportModulesInManaged (18ms)
				SetLoadedEditorAssemblies (1ms)
				RefreshPlugins (2ms)
				BeforeProcessingInitializeOnLoad (105ms)
				ProcessInitializeOnLoadAttributes (341ms)
				ProcessInitializeOnLoadMethodAttributes (97ms)
				AfterProcessingInitializeOnLoad (11ms)
				EditorAssembliesLoaded (0ms)
			ExecutionOrderSort2 (0ms)
			AwakeInstancesAfterBackupRestoration (13ms)
Platform modules already initialized, skipping
Refreshing native plugins compatible for Editor in 3.40 ms, found 4 plugins.
Preloading 0 native plugins for Editor in 0.00 ms.
Unloading 5971 Unused Serialized files (Serialized files now loaded: 0)
Unloading 44 unused Assets / (1.2 MB). Loaded Objects now: 6641.
Memory consumption went from 237.4 MB to 236.2 MB.
Total: 6.007000 ms (FindLiveObjects: 0.637500 ms CreateObjectMapping: 0.297100 ms MarkObjects: 4.432600 ms  DeleteObjects: 0.638100 ms)

AssetImportParameters requested are different than current active one (requested -> active):
  custom:video-decoder-ogg-theora: a1e56fd34408186e4bbccfd4996cb3dc -> 
  custom:container-muxer-webm: aa71ff27fc2769a1b78a27578f13a17b -> 
  custom:container-demuxer-webm: 4f35f7cbe854078d1ac9338744f61a02 -> 
  custom:video-encoder-webm-vp8: eb34c28f22e8b96e1ab97ce403110664 -> 
  custom:video-codec-MediaFoundation-h265: e54d7ab0439102e2317fc1e4b246158d -> 
  custom:audio-encoder-webm-vorbis: bf7c407c2cedff20999df2af8eb42d56 -> 
  custom:framework-win-MediaFoundation: 216162199b28c13a410421893ffa2e32 -> 
  custom:container-demuxer-ogg: 62fdf1f143b41e24485cea50d1cbac27 -> 
  custom:video-decoder-webm-vp8: 9c59270c3fd7afecdb556c50c9e8de78 -> 
  custom:audio-decoder-ogg-vorbis: bf7c407c2cedff20999df2af8eb42d56 -> 
========================================================================
Received Prepare
Registering precompiled user dll's ...
Registered in 0.007851 seconds.
Begin MonoManager ReloadAssembly
Symbol file LoadedFromMemory doesn't match image D:\Unity Projects\Github\Little_Warrior_Reboot\Little_Warrior_Reboot\Library\PackageCache\com.unity.visualscripting@1.7.8\Editor\VisualScripting.Core\Dependencies\YamlDotNet\Unity.VisualScripting.YamlDotNet.dll
Symbol file LoadedFromMemory doesn't match image D:\Unity Projects\Github\Little_Warrior_Reboot\Little_Warrior_Reboot\Library\PackageCache\com.unity.visualscripting@1.7.8\Editor\VisualScripting.Core\Dependencies\DotNetZip\Unity.VisualScripting.IonicZip.dll
Native extension for UWP target not found
Native extension for WindowsStandalone target not found
Native extension for WebGL target not found
Refreshing native plugins compatible for Editor in 1.44 ms, found 4 plugins.
Preloading 0 native plugins for Editor in 0.00 ms.
Mono: successfully reloaded assembly
- Completed reload, in  1.366 seconds
Domain Reload Profiling:
	ReloadAssembly (1367ms)
		BeginReloadAssembly (153ms)
			ExecutionOrderSort (0ms)
			DisableScriptedObjects (6ms)
			BackupInstance (0ms)
			ReleaseScriptingObjects (0ms)
			CreateAndSetChildDomain (49ms)
		EndReloadAssembly (1106ms)
			LoadAssemblies (120ms)
			RebuildTransferFunctionScriptingTraits (0ms)
			SetupTypeCache (304ms)
			ReleaseScriptCaches (3ms)
			RebuildScriptCaches (59ms)
			SetupLoadedEditorAssemblies (545ms)
				LogAssemblyErrors (0ms)
				InitializePlatformSupportModulesInManaged (16ms)
				SetLoadedEditorAssemblies (1ms)
				RefreshPlugins (2ms)
				BeforeProcessingInitializeOnLoad (98ms)
				ProcessInitializeOnLoadAttributes (323ms)
				ProcessInitializeOnLoadMethodAttributes (95ms)
				AfterProcessingInitializeOnLoad (10ms)
				EditorAssembliesLoaded (0ms)
			ExecutionOrderSort2 (0ms)
			AwakeInstancesAfterBackupRestoration (14ms)
Platform modules already initialized, skipping
Refreshing native plugins compatible for Editor in 3.37 ms, found 4 plugins.
Preloading 0 native plugins for Editor in 0.00 ms.
Unloading 5972 Unused Serialized files (Serialized files now loaded: 0)
Unloading 44 unused Assets / (1.2 MB). Loaded Objects now: 6656.
Memory consumption went from 237.5 MB to 236.2 MB.
Total: 5.611000 ms (FindLiveObjects: 0.716100 ms CreateObjectMapping: 0.309800 ms MarkObjects: 3.918300 ms  DeleteObjects: 0.665400 ms)

AssetImportParameters requested are different than current active one (requested -> active):
  custom:video-decoder-ogg-theora: a1e56fd34408186e4bbccfd4996cb3dc -> 
  custom:container-muxer-webm: aa71ff27fc2769a1b78a27578f13a17b -> 
  custom:container-demuxer-webm: 4f35f7cbe854078d1ac9338744f61a02 -> 
  custom:video-encoder-webm-vp8: eb34c28f22e8b96e1ab97ce403110664 -> 
  custom:video-codec-MediaFoundation-h265: e54d7ab0439102e2317fc1e4b246158d -> 
  custom:audio-encoder-webm-vorbis: bf7c407c2cedff20999df2af8eb42d56 -> 
  custom:framework-win-MediaFoundation: 216162199b28c13a410421893ffa2e32 -> 
  custom:container-demuxer-ogg: 62fdf1f143b41e24485cea50d1cbac27 -> 
  custom:video-decoder-webm-vp8: 9c59270c3fd7afecdb556c50c9e8de78 -> 
  custom:audio-decoder-ogg-vorbis: bf7c407c2cedff20999df2af8eb42d56 -> 
========================================================================
Received Prepare
Registering precompiled user dll's ...
Registered in 0.007384 seconds.
Begin MonoManager ReloadAssembly
Symbol file LoadedFromMemory doesn't match image D:\Unity Projects\Github\Little_Warrior_Reboot\Little_Warrior_Reboot\Library\PackageCache\com.unity.visualscripting@1.7.8\Editor\VisualScripting.Core\Dependencies\YamlDotNet\Unity.VisualScripting.YamlDotNet.dll
Symbol file LoadedFromMemory doesn't match image D:\Unity Projects\Github\Little_Warrior_Reboot\Little_Warrior_Reboot\Library\PackageCache\com.unity.visualscripting@1.7.8\Editor\VisualScripting.Core\Dependencies\DotNetZip\Unity.VisualScripting.IonicZip.dll
Native extension for UWP target not found
Native extension for WindowsStandalone target not found
Native extension for WebGL target not found
Refreshing native plugins compatible for Editor in 1.39 ms, found 4 plugins.
Preloading 0 native plugins for Editor in 0.00 ms.
Mono: successfully reloaded assembly
- Completed reload, in  1.381 seconds
Domain Reload Profiling:
	ReloadAssembly (1382ms)
		BeginReloadAssembly (156ms)
			ExecutionOrderSort (0ms)
			DisableScriptedObjects (10ms)
			BackupInstance (0ms)
			ReleaseScriptingObjects (0ms)
			CreateAndSetChildDomain (48ms)
		EndReloadAssembly (1114ms)
			LoadAssemblies (120ms)
			RebuildTransferFunctionScriptingTraits (0ms)
			SetupTypeCache (294ms)
			ReleaseScriptCaches (3ms)
			RebuildScriptCaches (58ms)
			SetupLoadedEditorAssemblies (559ms)
				LogAssemblyErrors (0ms)
				InitializePlatformSupportModulesInManaged (18ms)
				SetLoadedEditorAssemblies (1ms)
				RefreshPlugins (1ms)
				BeforeProcessingInitializeOnLoad (97ms)
				ProcessInitializeOnLoadAttributes (334ms)
				ProcessInitializeOnLoadMethodAttributes (97ms)
				AfterProcessingInitializeOnLoad (12ms)
				EditorAssembliesLoaded (0ms)
			ExecutionOrderSort2 (0ms)
			AwakeInstancesAfterBackupRestoration (14ms)
Platform modules already initialized, skipping
Refreshing native plugins compatible for Editor in 3.37 ms, found 4 plugins.
Preloading 0 native plugins for Editor in 0.00 ms.
Unloading 5972 Unused Serialized files (Serialized files now loaded: 0)
Unloading 44 unused Assets / (1.2 MB). Loaded Objects now: 6671.
Memory consumption went from 237.4 MB to 236.2 MB.
Total: 5.692200 ms (FindLiveObjects: 0.790300 ms CreateObjectMapping: 0.171200 ms MarkObjects: 3.870500 ms  DeleteObjects: 0.858900 ms)

AssetImportParameters requested are different than current active one (requested -> active):
  custom:video-decoder-ogg-theora: a1e56fd34408186e4bbccfd4996cb3dc -> 
  custom:container-muxer-webm: aa71ff27fc2769a1b78a27578f13a17b -> 
  custom:container-demuxer-webm: 4f35f7cbe854078d1ac9338744f61a02 -> 
  custom:video-encoder-webm-vp8: eb34c28f22e8b96e1ab97ce403110664 -> 
  custom:video-codec-MediaFoundation-h265: e54d7ab0439102e2317fc1e4b246158d -> 
  custom:audio-encoder-webm-vorbis: bf7c407c2cedff20999df2af8eb42d56 -> 
  custom:framework-win-MediaFoundation: 216162199b28c13a410421893ffa2e32 -> 
  custom:container-demuxer-ogg: 62fdf1f143b41e24485cea50d1cbac27 -> 
  custom:video-decoder-webm-vp8: 9c59270c3fd7afecdb556c50c9e8de78 -> 
  custom:audio-decoder-ogg-vorbis: bf7c407c2cedff20999df2af8eb42d56 -> 
========================================================================
Received Import Request.
  Time since last request: 626.308417 seconds.
  path: Assets/Materials/SkillTreeLocked.mat
  artifactKey: Guid(622a9bdcd21ee67469836b6bff4d88b6) Importer(815301076,1909f56bfc062723c751e8b465ee728b)
Start importing Assets/Materials/SkillTreeLocked.mat using Guid(622a9bdcd21ee67469836b6bff4d88b6) Importer(815301076,1909f56bfc062723c751e8b465ee728b)  -> (artifact id: 'e1757ae7087de21f10f384ec9496a61e') in 1.303084 seconds 
========================================================================
Received Import Request.
  Time since last request: 78.810592 seconds.
  path: Assets/Shaders/UI Shaders/TestCustomBWLocked.mat
  artifactKey: Guid(7f0cd9de09d4d234fbd8833769415872) Importer(815301076,1909f56bfc062723c751e8b465ee728b)
Start importing Assets/Shaders/UI Shaders/TestCustomBWLocked.mat using Guid(7f0cd9de09d4d234fbd8833769415872) Importer(815301076,1909f56bfc062723c751e8b465ee728b)  -> (artifact id: '070c6c4cb6f95141f1d4189b1129157b') in 0.045801 seconds 
========================================================================
Received Import Request.
  Time since last request: 991.285351 seconds.
  path: Assets/Materials/SkillTreeLocked.mat
  artifactKey: Guid(622a9bdcd21ee67469836b6bff4d88b6) Importer(815301076,1909f56bfc062723c751e8b465ee728b)
Start importing Assets/Materials/SkillTreeLocked.mat using Guid(622a9bdcd21ee67469836b6bff4d88b6) Importer(815301076,1909f56bfc062723c751e8b465ee728b)  -> (artifact id: 'c222381140e39a90aaa574288a8823fb') in 0.018355 seconds 
========================================================================
Received Prepare
Registering precompiled user dll's ...
Registered in 0.008414 seconds.
Begin MonoManager ReloadAssembly
Symbol file LoadedFromMemory doesn't match image D:\Unity Projects\Github\Little_Warrior_Reboot\Little_Warrior_Reboot\Library\PackageCache\com.unity.visualscripting@1.7.8\Editor\VisualScripting.Core\Dependencies\YamlDotNet\Unity.VisualScripting.YamlDotNet.dll
Symbol file LoadedFromMemory doesn't match image D:\Unity Projects\Github\Little_Warrior_Reboot\Little_Warrior_Reboot\Library\PackageCache\com.unity.visualscripting@1.7.8\Editor\VisualScripting.Core\Dependencies\DotNetZip\Unity.VisualScripting.IonicZip.dll
Native extension for UWP target not found
Native extension for WindowsStandalone target not found
Native extension for WebGL target not found
Refreshing native plugins compatible for Editor in 1.59 ms, found 4 plugins.
Preloading 0 native plugins for Editor in 0.00 ms.
Mono: successfully reloaded assembly
- Completed reload, in  1.456 seconds
Domain Reload Profiling:
	ReloadAssembly (1457ms)
		BeginReloadAssembly (166ms)
			ExecutionOrderSort (0ms)
			DisableScriptedObjects (9ms)
			BackupInstance (0ms)
			ReleaseScriptingObjects (0ms)
			CreateAndSetChildDomain (55ms)
		EndReloadAssembly (1143ms)
			LoadAssemblies (131ms)
			RebuildTransferFunctionScriptingTraits (0ms)
			SetupTypeCache (313ms)
			ReleaseScriptCaches (3ms)
			RebuildScriptCaches (62ms)
			SetupLoadedEditorAssemblies (556ms)
				LogAssemblyErrors (0ms)
				InitializePlatformSupportModulesInManaged (18ms)
				SetLoadedEditorAssemblies (1ms)
				RefreshPlugins (2ms)
				BeforeProcessingInitializeOnLoad (101ms)
				ProcessInitializeOnLoadAttributes (330ms)
				ProcessInitializeOnLoadMethodAttributes (93ms)
				AfterProcessingInitializeOnLoad (11ms)
				EditorAssembliesLoaded (0ms)
			ExecutionOrderSort2 (0ms)
			AwakeInstancesAfterBackupRestoration (13ms)
Platform modules already initialized, skipping
Refreshing native plugins compatible for Editor in 3.26 ms, found 4 plugins.
Preloading 0 native plugins for Editor in 0.00 ms.
Unloading 5971 Unused Serialized files (Serialized files now loaded: 0)
Unloading 44 unused Assets / (1.2 MB). Loaded Objects now: 6727.
Memory consumption went from 237.5 MB to 236.2 MB.
Total: 6.323600 ms (FindLiveObjects: 0.714900 ms CreateObjectMapping: 0.182400 ms MarkObjects: 4.578900 ms  DeleteObjects: 0.846300 ms)

AssetImportParameters requested are different than current active one (requested -> active):
  custom:video-decoder-ogg-theora: a1e56fd34408186e4bbccfd4996cb3dc -> 
  custom:container-muxer-webm: aa71ff27fc2769a1b78a27578f13a17b -> 
  custom:container-demuxer-webm: 4f35f7cbe854078d1ac9338744f61a02 -> 
  custom:video-encoder-webm-vp8: eb34c28f22e8b96e1ab97ce403110664 -> 
  custom:video-codec-MediaFoundation-h265: e54d7ab0439102e2317fc1e4b246158d -> 
  custom:audio-encoder-webm-vorbis: bf7c407c2cedff20999df2af8eb42d56 -> 
  custom:framework-win-MediaFoundation: 216162199b28c13a410421893ffa2e32 -> 
  custom:container-demuxer-ogg: 62fdf1f143b41e24485cea50d1cbac27 -> 
  custom:video-decoder-webm-vp8: 9c59270c3fd7afecdb556c50c9e8de78 -> 
  custom:audio-decoder-ogg-vorbis: bf7c407c2cedff20999df2af8eb42d56 -> 
========================================================================
Received Import Request.
  Time since last request: 371.792834 seconds.
  path: Assets/Materials/SkillTreeLocked.mat
  artifactKey: Guid(622a9bdcd21ee67469836b6bff4d88b6) Importer(815301076,1909f56bfc062723c751e8b465ee728b)
Start importing Assets/Materials/SkillTreeLocked.mat using Guid(622a9bdcd21ee67469836b6bff4d88b6) Importer(815301076,1909f56bfc062723c751e8b465ee728b)  -> (artifact id: '0d91bce44b8428b5a1fa4de9868c3737') in 0.265927 seconds 
========================================================================
Received Prepare
Registering precompiled user dll's ...
Registered in 0.008219 seconds.
Begin MonoManager ReloadAssembly
Symbol file LoadedFromMemory doesn't match image D:\Unity Projects\Github\Little_Warrior_Reboot\Little_Warrior_Reboot\Library\PackageCache\com.unity.visualscripting@1.7.8\Editor\VisualScripting.Core\Dependencies\YamlDotNet\Unity.VisualScripting.YamlDotNet.dll
Symbol file LoadedFromMemory doesn't match image D:\Unity Projects\Github\Little_Warrior_Reboot\Little_Warrior_Reboot\Library\PackageCache\com.unity.visualscripting@1.7.8\Editor\VisualScripting.Core\Dependencies\DotNetZip\Unity.VisualScripting.IonicZip.dll
Native extension for UWP target not found
Native extension for WindowsStandalone target not found
Native extension for WebGL target not found
Refreshing native plugins compatible for Editor in 1.29 ms, found 4 plugins.
Preloading 0 native plugins for Editor in 0.00 ms.
Mono: successfully reloaded assembly
- Completed reload, in  1.385 seconds
Domain Reload Profiling:
	ReloadAssembly (1386ms)
		BeginReloadAssembly (152ms)
			ExecutionOrderSort (0ms)
			DisableScriptedObjects (8ms)
			BackupInstance (0ms)
			ReleaseScriptingObjects (0ms)
			CreateAndSetChildDomain (52ms)
		EndReloadAssembly (1124ms)
			LoadAssemblies (114ms)
			RebuildTransferFunctionScriptingTraits (0ms)
			SetupTypeCache (298ms)
			ReleaseScriptCaches (3ms)
			RebuildScriptCaches (67ms)
			SetupLoadedEditorAssemblies (556ms)
				LogAssemblyErrors (0ms)
				InitializePlatformSupportModulesInManaged (17ms)
				SetLoadedEditorAssemblies (1ms)
				RefreshPlugins (1ms)
				BeforeProcessingInitializeOnLoad (109ms)
				ProcessInitializeOnLoadAttributes (324ms)
				ProcessInitializeOnLoadMethodAttributes (91ms)
				AfterProcessingInitializeOnLoad (12ms)
				EditorAssembliesLoaded (0ms)
			ExecutionOrderSort2 (0ms)
			AwakeInstancesAfterBackupRestoration (15ms)
Platform modules already initialized, skipping
Refreshing native plugins compatible for Editor in 3.27 ms, found 4 plugins.
Preloading 0 native plugins for Editor in 0.00 ms.
Unloading 5971 Unused Serialized files (Serialized files now loaded: 0)
Unloading 44 unused Assets / (1.2 MB). Loaded Objects now: 6783.
Memory consumption went from 237.5 MB to 236.3 MB.
Total: 4.789500 ms (FindLiveObjects: 0.612900 ms CreateObjectMapping: 0.167100 ms MarkObjects: 3.232600 ms  DeleteObjects: 0.775800 ms)

AssetImportParameters requested are different than current active one (requested -> active):
  custom:video-decoder-ogg-theora: a1e56fd34408186e4bbccfd4996cb3dc -> 
  custom:container-muxer-webm: aa71ff27fc2769a1b78a27578f13a17b -> 
  custom:container-demuxer-webm: 4f35f7cbe854078d1ac9338744f61a02 -> 
  custom:video-encoder-webm-vp8: eb34c28f22e8b96e1ab97ce403110664 -> 
  custom:video-codec-MediaFoundation-h265: e54d7ab0439102e2317fc1e4b246158d -> 
  custom:audio-encoder-webm-vorbis: bf7c407c2cedff20999df2af8eb42d56 -> 
  custom:framework-win-MediaFoundation: 216162199b28c13a410421893ffa2e32 -> 
  custom:container-demuxer-ogg: 62fdf1f143b41e24485cea50d1cbac27 -> 
  custom:video-decoder-webm-vp8: 9c59270c3fd7afecdb556c50c9e8de78 -> 
  custom:audio-decoder-ogg-vorbis: bf7c407c2cedff20999df2af8eb42d56 -> 
========================================================================
Received Prepare
Registering precompiled user dll's ...
Registered in 0.007976 seconds.
Begin MonoManager ReloadAssembly
Symbol file LoadedFromMemory doesn't match image D:\Unity Projects\Github\Little_Warrior_Reboot\Little_Warrior_Reboot\Library\PackageCache\com.unity.visualscripting@1.7.8\Editor\VisualScripting.Core\Dependencies\YamlDotNet\Unity.VisualScripting.YamlDotNet.dll
Symbol file LoadedFromMemory doesn't match image D:\Unity Projects\Github\Little_Warrior_Reboot\Little_Warrior_Reboot\Library\PackageCache\com.unity.visualscripting@1.7.8\Editor\VisualScripting.Core\Dependencies\DotNetZip\Unity.VisualScripting.IonicZip.dll
Native extension for UWP target not found
Native extension for WindowsStandalone target not found
Native extension for WebGL target not found
Refreshing native plugins compatible for Editor in 1.83 ms, found 4 plugins.
Preloading 0 native plugins for Editor in 0.00 ms.
Mono: successfully reloaded assembly
- Completed reload, in  1.388 seconds
Domain Reload Profiling:
	ReloadAssembly (1389ms)
		BeginReloadAssembly (153ms)
			ExecutionOrderSort (0ms)
			DisableScriptedObjects (7ms)
			BackupInstance (0ms)
			ReleaseScriptingObjects (0ms)
			CreateAndSetChildDomain (48ms)
		EndReloadAssembly (1127ms)
			LoadAssemblies (117ms)
			RebuildTransferFunctionScriptingTraits (0ms)
			SetupTypeCache (310ms)
			ReleaseScriptCaches (3ms)
			RebuildScriptCaches (63ms)
			SetupLoadedEditorAssemblies (557ms)
				LogAssemblyErrors (0ms)
				InitializePlatformSupportModulesInManaged (17ms)
				SetLoadedEditorAssemblies (0ms)
				RefreshPlugins (2ms)
				BeforeProcessingInitializeOnLoad (107ms)
				ProcessInitializeOnLoadAttributes (326ms)
				ProcessInitializeOnLoadMethodAttributes (93ms)
				AfterProcessingInitializeOnLoad (12ms)
				EditorAssembliesLoaded (0ms)
			ExecutionOrderSort2 (0ms)
			AwakeInstancesAfterBackupRestoration (14ms)
Platform modules already initialized, skipping
Refreshing native plugins compatible for Editor in 3.26 ms, found 4 plugins.
Preloading 0 native plugins for Editor in 0.00 ms.
Unloading 5972 Unused Serialized files (Serialized files now loaded: 0)
Unloading 44 unused Assets / (1.2 MB). Loaded Objects now: 6798.
Memory consumption went from 237.6 MB to 236.3 MB.
Total: 5.457100 ms (FindLiveObjects: 0.586100 ms CreateObjectMapping: 0.199300 ms MarkObjects: 3.876100 ms  DeleteObjects: 0.794400 ms)

AssetImportParameters requested are different than current active one (requested -> active):
  custom:video-decoder-ogg-theora: a1e56fd34408186e4bbccfd4996cb3dc -> 
  custom:container-muxer-webm: aa71ff27fc2769a1b78a27578f13a17b -> 
  custom:container-demuxer-webm: 4f35f7cbe854078d1ac9338744f61a02 -> 
  custom:video-encoder-webm-vp8: eb34c28f22e8b96e1ab97ce403110664 -> 
  custom:video-codec-MediaFoundation-h265: e54d7ab0439102e2317fc1e4b246158d -> 
  custom:audio-encoder-webm-vorbis: bf7c407c2cedff20999df2af8eb42d56 -> 
  custom:framework-win-MediaFoundation: 216162199b28c13a410421893ffa2e32 -> 
  custom:container-demuxer-ogg: 62fdf1f143b41e24485cea50d1cbac27 -> 
  custom:video-decoder-webm-vp8: 9c59270c3fd7afecdb556c50c9e8de78 -> 
  custom:audio-decoder-ogg-vorbis: bf7c407c2cedff20999df2af8eb42d56 -> 
========================================================================
Received Import Request.
  Time since last request: 81.187961 seconds.
  path: Assets/Materials/SkillTreeLocked.mat
  artifactKey: Guid(622a9bdcd21ee67469836b6bff4d88b6) Importer(815301076,1909f56bfc062723c751e8b465ee728b)
Start importing Assets/Materials/SkillTreeLocked.mat using Guid(622a9bdcd21ee67469836b6bff4d88b6) Importer(815301076,1909f56bfc062723c751e8b465ee728b)  -> (artifact id: 'abf0e7c57b03bd91db0ae8427429eb3a') in 0.369614 seconds 
========================================================================
Received Prepare
Registering precompiled user dll's ...
Registered in 0.007538 seconds.
Begin MonoManager ReloadAssembly
Symbol file LoadedFromMemory doesn't match image D:\Unity Projects\Github\Little_Warrior_Reboot\Little_Warrior_Reboot\Library\PackageCache\com.unity.visualscripting@1.7.8\Editor\VisualScripting.Core\Dependencies\YamlDotNet\Unity.VisualScripting.YamlDotNet.dll
Symbol file LoadedFromMemory doesn't match image D:\Unity Projects\Github\Little_Warrior_Reboot\Little_Warrior_Reboot\Library\PackageCache\com.unity.visualscripting@1.7.8\Editor\VisualScripting.Core\Dependencies\DotNetZip\Unity.VisualScripting.IonicZip.dll
Native extension for UWP target not found
Native extension for WindowsStandalone target not found
Native extension for WebGL target not found
Refreshing native plugins compatible for Editor in 1.42 ms, found 4 plugins.
Preloading 0 native plugins for Editor in 0.00 ms.
Mono: successfully reloaded assembly
- Completed reload, in  1.384 seconds
Domain Reload Profiling:
	ReloadAssembly (1385ms)
		BeginReloadAssembly (154ms)
			ExecutionOrderSort (0ms)
			DisableScriptedObjects (10ms)
			BackupInstance (0ms)
			ReleaseScriptingObjects (0ms)
			CreateAndSetChildDomain (50ms)
		EndReloadAssembly (1122ms)
			LoadAssemblies (115ms)
			RebuildTransferFunctionScriptingTraits (0ms)
			SetupTypeCache (300ms)
			ReleaseScriptCaches (3ms)
			RebuildScriptCaches (65ms)
			SetupLoadedEditorAssemblies (554ms)
				LogAssemblyErrors (0ms)
				InitializePlatformSupportModulesInManaged (17ms)
				SetLoadedEditorAssemblies (1ms)
				RefreshPlugins (2ms)
				BeforeProcessingInitializeOnLoad (106ms)
				ProcessInitializeOnLoadAttributes (323ms)
				ProcessInitializeOnLoadMethodAttributes (93ms)
				AfterProcessingInitializeOnLoad (13ms)
				EditorAssembliesLoaded (0ms)
			ExecutionOrderSort2 (0ms)
			AwakeInstancesAfterBackupRestoration (14ms)
Platform modules already initialized, skipping
Refreshing native plugins compatible for Editor in 3.16 ms, found 4 plugins.
Preloading 0 native plugins for Editor in 0.00 ms.
Unloading 5971 Unused Serialized files (Serialized files now loaded: 0)
Unloading 44 unused Assets / (1.2 MB). Loaded Objects now: 6854.
Memory consumption went from 237.6 MB to 236.4 MB.
Total: 5.423600 ms (FindLiveObjects: 0.630600 ms CreateObjectMapping: 0.181500 ms MarkObjects: 3.792800 ms  DeleteObjects: 0.817300 ms)

AssetImportParameters requested are different than current active one (requested -> active):
  custom:video-decoder-ogg-theora: a1e56fd34408186e4bbccfd4996cb3dc -> 
  custom:container-muxer-webm: aa71ff27fc2769a1b78a27578f13a17b -> 
  custom:container-demuxer-webm: 4f35f7cbe854078d1ac9338744f61a02 -> 
  custom:video-encoder-webm-vp8: eb34c28f22e8b96e1ab97ce403110664 -> 
  custom:video-codec-MediaFoundation-h265: e54d7ab0439102e2317fc1e4b246158d -> 
  custom:audio-encoder-webm-vorbis: bf7c407c2cedff20999df2af8eb42d56 -> 
  custom:framework-win-MediaFoundation: 216162199b28c13a410421893ffa2e32 -> 
  custom:container-demuxer-ogg: 62fdf1f143b41e24485cea50d1cbac27 -> 
  custom:video-decoder-webm-vp8: 9c59270c3fd7afecdb556c50c9e8de78 -> 
  custom:audio-decoder-ogg-vorbis: bf7c407c2cedff20999df2af8eb42d56 -> 
========================================================================
Received Import Request.
  Time since last request: 483.104603 seconds.
  path: Assets/Shaders/UI Shaders/TestCustomBWLocked.mat
  artifactKey: Guid(7f0cd9de09d4d234fbd8833769415872) Importer(815301076,1909f56bfc062723c751e8b465ee728b)
Start importing Assets/Shaders/UI Shaders/TestCustomBWLocked.mat using Guid(7f0cd9de09d4d234fbd8833769415872) Importer(815301076,1909f56bfc062723c751e8b465ee728b)  -> (artifact id: 'f84b8b4686d0b89bef848da5482b08dc') in 0.193767 seconds 
========================================================================
Received Import Request.
  Time since last request: 5.959511 seconds.
  path: Assets/Shaders/UI Shaders/TestCustomBWLocked.mat
  artifactKey: Guid(7f0cd9de09d4d234fbd8833769415872) Importer(815301076,1909f56bfc062723c751e8b465ee728b)
Start importing Assets/Shaders/UI Shaders/TestCustomBWLocked.mat using Guid(7f0cd9de09d4d234fbd8833769415872) Importer(815301076,1909f56bfc062723c751e8b465ee728b)  -> (artifact id: '9da4c529aeeedd8261828812e0090ce9') in 0.011045 seconds 
========================================================================
Received Import Request.
  Time since last request: 28.440002 seconds.
  path: Assets/Shaders/UI Shaders/TestCustomBWLocked.mat
  artifactKey: Guid(7f0cd9de09d4d234fbd8833769415872) Importer(815301076,1909f56bfc062723c751e8b465ee728b)
Start importing Assets/Shaders/UI Shaders/TestCustomBWLocked.mat using Guid(7f0cd9de09d4d234fbd8833769415872) Importer(815301076,1909f56bfc062723c751e8b465ee728b)  -> (artifact id: 'b22592f7be3de46e7eec795851bd56e3') in 0.013918 seconds 
========================================================================
Received Import Request.
  Time since last request: 7.665261 seconds.
  path: Assets/Shaders/UI Shaders/TestCustomBWLocked.mat
  artifactKey: Guid(7f0cd9de09d4d234fbd8833769415872) Importer(815301076,1909f56bfc062723c751e8b465ee728b)
Start importing Assets/Shaders/UI Shaders/TestCustomBWLocked.mat using Guid(7f0cd9de09d4d234fbd8833769415872) Importer(815301076,1909f56bfc062723c751e8b465ee728b)  -> (artifact id: '5c9ab1b4cc2f171c2d560e23fea8adf9') in 0.015316 seconds 
========================================================================
Received Import Request.
  Time since last request: 6.711382 seconds.
  path: Assets/Shaders/UI Shaders/TestCustomBWLocked.mat
  artifactKey: Guid(7f0cd9de09d4d234fbd8833769415872) Importer(815301076,1909f56bfc062723c751e8b465ee728b)
Start importing Assets/Shaders/UI Shaders/TestCustomBWLocked.mat using Guid(7f0cd9de09d4d234fbd8833769415872) Importer(815301076,1909f56bfc062723c751e8b465ee728b)  -> (artifact id: '594b22f90de1b31825c78149b4e9352f') in 0.014490 seconds 
========================================================================
Received Import Request.
  Time since last request: 32.236535 seconds.
  path: Assets/Shaders/UI Shaders/TestCustomBWLocked.mat
  artifactKey: Guid(7f0cd9de09d4d234fbd8833769415872) Importer(815301076,1909f56bfc062723c751e8b465ee728b)
Start importing Assets/Shaders/UI Shaders/TestCustomBWLocked.mat using Guid(7f0cd9de09d4d234fbd8833769415872) Importer(815301076,1909f56bfc062723c751e8b465ee728b)  -> (artifact id: '7fdc1b44580e525fb0df41149871ffd6') in 0.013253 seconds 
========================================================================
Received Import Request.
  Time since last request: 7.065605 seconds.
  path: Assets/Shaders/UI Shaders/TestCustomBWLocked.mat
  artifactKey: Guid(7f0cd9de09d4d234fbd8833769415872) Importer(815301076,1909f56bfc062723c751e8b465ee728b)
Start importing Assets/Shaders/UI Shaders/TestCustomBWLocked.mat using Guid(7f0cd9de09d4d234fbd8833769415872) Importer(815301076,1909f56bfc062723c751e8b465ee728b)  -> (artifact id: '9637422ff4a519f334746333b4db012a') in 0.013830 seconds 
