Using pre-set license
Built from '2021.3/staging' branch; Version is '2021.3.11f1 (0a5ca18544bf) revision 679073'; Using compiler version '192829333'; Build Type 'Release'
OS: 'Windows 10  (10.0.19044) 64bit Core' Language: 'en' Physical Memory: 16311 MB
BatchMode: 1, IsHumanControllingUs: 0, StartBugReporterOnCrash: 0, Is64bit: 1, IsPro: 1

COMMAND LINE ARGUMENTS:
C:\Program Files\Unity\Hub\Editor\2021.3.11f1\Editor\Unity.exe
-adb2
-batchMode
-noUpm
-name
AssetImportWorker10
-projectPath
D:/Unity Projects/Github/Little_Warrior_Reboot/Little_Warrior_Reboot
-logFile
Logs/AssetImportWorker10.log
-srvPort
60365
Successfully changed project path to: D:/Unity Projects/Github/Little_Warrior_Reboot/Little_Warrior_Reboot
D:/Unity Projects/Github/Little_Warrior_Reboot/Little_Warrior_Reboot
[UnityMemory] Configuration Parameters - Can be set up in boot.config
    "memorysetup-bucket-allocator-granularity=16"
    "memorysetup-bucket-allocator-bucket-count=8"
    "memorysetup-bucket-allocator-block-size=33554432"
    "memorysetup-bucket-allocator-block-count=8"
    "memorysetup-main-allocator-block-size=16777216"
    "memorysetup-thread-allocator-block-size=16777216"
    "memorysetup-gfx-main-allocator-block-size=16777216"
    "memorysetup-gfx-thread-allocator-block-size=16777216"
    "memorysetup-cache-allocator-block-size=4194304"
    "memorysetup-typetree-allocator-block-size=2097152"
    "memorysetup-profiler-bucket-allocator-granularity=16"
    "memorysetup-profiler-bucket-allocator-bucket-count=8"
    "memorysetup-profiler-bucket-allocator-block-size=33554432"
    "memorysetup-profiler-bucket-allocator-block-count=8"
    "memorysetup-profiler-allocator-block-size=16777216"
    "memorysetup-profiler-editor-allocator-block-size=1048576"
    "memorysetup-temp-allocator-size-main=16777216"
    "memorysetup-job-temp-allocator-block-size=2097152"
    "memorysetup-job-temp-allocator-block-size-background=1048576"
    "memorysetup-job-temp-allocator-reduction-small-platforms=262144"
    "memorysetup-temp-allocator-size-background-worker=32768"
    "memorysetup-temp-allocator-size-job-worker=262144"
    "memorysetup-temp-allocator-size-preload-manager=33554432"
    "memorysetup-temp-allocator-size-nav-mesh-worker=65536"
    "memorysetup-temp-allocator-size-audio-worker=65536"
    "memorysetup-temp-allocator-size-cloud-worker=32768"
    "memorysetup-temp-allocator-size-gi-baking-worker=262144"
    "memorysetup-temp-allocator-size-gfx=262144"
Refreshing native plugins compatible for Editor in 145.79 ms, found 4 plugins.
Preloading 0 native plugins for Editor in 0.00 ms.
Initialize engine version: 2021.3.11f1 (0a5ca18544bf)
[Subsystems] Discovering subsystems at path C:/Program Files/Unity/Hub/Editor/2021.3.11f1/Editor/Data/Resources/UnitySubsystems
[Subsystems] Discovering subsystems at path D:/Unity Projects/Github/Little_Warrior_Reboot/Little_Warrior_Reboot/Assets
GfxDevice: creating device client; threaded=0; jobified=0
Direct3D:
    Version:  Direct3D 11.0 [level 11.1]
    Renderer: AMD Radeon RX 5700 XT (ID=0x731f)
    Vendor:   ATI
    VRAM:     8151 MB
    Driver:   31.0.12029.7019
Initialize mono
Mono path[0] = 'C:/Program Files/Unity/Hub/Editor/2021.3.11f1/Editor/Data/Managed'
Mono path[1] = 'C:/Program Files/Unity/Hub/Editor/2021.3.11f1/Editor/Data/MonoBleedingEdge/lib/mono/unityjit-win32'
Mono config path = 'C:/Program Files/Unity/Hub/Editor/2021.3.11f1/Editor/Data/MonoBleedingEdge/etc'
Using monoOptions --debugger-agent=transport=dt_socket,embedding=1,server=y,suspend=n,address=127.0.0.1:56284
Begin MonoManager ReloadAssembly
Registering precompiled unity dll's ...
Register platform support module: C:/Program Files/Unity/Hub/Editor/2021.3.11f1/Editor/Data/PlaybackEngines/WebGLSupport/UnityEditor.WebGL.Extensions.dll
Register platform support module: C:/Program Files/Unity/Hub/Editor/2021.3.11f1/Editor/Data/PlaybackEngines/WindowsStandaloneSupport/UnityEditor.WindowsStandalone.Extensions.dll
Register platform support module: C:/Program Files/Unity/Hub/Editor/2021.3.11f1/Editor/Data/PlaybackEngines/MetroSupport/UnityEditor.UWP.Extensions.dll
Registered in 0.012780 seconds.
Native extension for UWP target not found
Native extension for WindowsStandalone target not found
Native extension for WebGL target not found
Refreshing native plugins compatible for Editor in 129.57 ms, found 4 plugins.
Preloading 0 native plugins for Editor in 0.00 ms.
Mono: successfully reloaded assembly
- Completed reload, in  0.801 seconds
Domain Reload Profiling:
	ReloadAssembly (802ms)
		BeginReloadAssembly (93ms)
			ExecutionOrderSort (0ms)
			DisableScriptedObjects (0ms)
			BackupInstance (0ms)
			ReleaseScriptingObjects (0ms)
			CreateAndSetChildDomain (1ms)
		EndReloadAssembly (574ms)
			LoadAssemblies (90ms)
			RebuildTransferFunctionScriptingTraits (0ms)
			SetupTypeCache (122ms)
			ReleaseScriptCaches (0ms)
			RebuildScriptCaches (30ms)
			SetupLoadedEditorAssemblies (361ms)
				LogAssemblyErrors (0ms)
				InitializePlatformSupportModulesInManaged (13ms)
				SetLoadedEditorAssemblies (0ms)
				RefreshPlugins (130ms)
				BeforeProcessingInitializeOnLoad (1ms)
				ProcessInitializeOnLoadAttributes (156ms)
				ProcessInitializeOnLoadMethodAttributes (61ms)
				AfterProcessingInitializeOnLoad (0ms)
				EditorAssembliesLoaded (0ms)
			ExecutionOrderSort2 (0ms)
			AwakeInstancesAfterBackupRestoration (0ms)
Platform modules already initialized, skipping
Registering precompiled user dll's ...
Registered in 0.010894 seconds.
Begin MonoManager ReloadAssembly
Symbol file LoadedFromMemory doesn't match image D:\Unity Projects\Github\Little_Warrior_Reboot\Little_Warrior_Reboot\Library\PackageCache\com.unity.visualscripting@1.7.8\Editor\VisualScripting.Core\Dependencies\YamlDotNet\Unity.VisualScripting.YamlDotNet.dll
Symbol file LoadedFromMemory doesn't match image D:\Unity Projects\Github\Little_Warrior_Reboot\Little_Warrior_Reboot\Library\PackageCache\com.unity.visualscripting@1.7.8\Editor\VisualScripting.Core\Dependencies\DotNetZip\Unity.VisualScripting.IonicZip.dll
Native extension for UWP target not found
Native extension for WindowsStandalone target not found
Native extension for WebGL target not found
Refreshing native plugins compatible for Editor in 128.42 ms, found 4 plugins.
Preloading 0 native plugins for Editor in 0.00 ms.
Mono: successfully reloaded assembly
- Completed reload, in  1.508 seconds
Domain Reload Profiling:
	ReloadAssembly (1509ms)
		BeginReloadAssembly (122ms)
			ExecutionOrderSort (0ms)
			DisableScriptedObjects (7ms)
			BackupInstance (0ms)
			ReleaseScriptingObjects (0ms)
			CreateAndSetChildDomain (24ms)
		EndReloadAssembly (1268ms)
			LoadAssemblies (111ms)
			RebuildTransferFunctionScriptingTraits (0ms)
			SetupTypeCache (302ms)
			ReleaseScriptCaches (1ms)
			RebuildScriptCaches (85ms)
			SetupLoadedEditorAssemblies (726ms)
				LogAssemblyErrors (0ms)
				InitializePlatformSupportModulesInManaged (8ms)
				SetLoadedEditorAssemblies (0ms)
				RefreshPlugins (128ms)
				BeforeProcessingInitializeOnLoad (131ms)
				ProcessInitializeOnLoadAttributes (347ms)
				ProcessInitializeOnLoadMethodAttributes (100ms)
				AfterProcessingInitializeOnLoad (11ms)
				EditorAssembliesLoaded (0ms)
			ExecutionOrderSort2 (0ms)
			AwakeInstancesAfterBackupRestoration (6ms)
Platform modules already initialized, skipping
========================================================================
Worker process is ready to serve import requests
Launched and connected shader compiler UnityShaderCompiler.exe after 0.05 seconds
Refreshing native plugins compatible for Editor in 1.30 ms, found 4 plugins.
Preloading 0 native plugins for Editor in 0.00 ms.
Unloading 6098 Unused Serialized files (Serialized files now loaded: 0)
Unloading 71 unused Assets / (1.3 MB). Loaded Objects now: 6539.
Memory consumption went from 237.4 MB to 236.1 MB.
Total: 5.392600 ms (FindLiveObjects: 0.590800 ms CreateObjectMapping: 0.167100 ms MarkObjects: 3.979400 ms  DeleteObjects: 0.653900 ms)

AssetImportParameters requested are different than current active one (requested -> active):
  custom:video-decoder-ogg-theora: a1e56fd34408186e4bbccfd4996cb3dc -> 
  custom:container-muxer-webm: aa71ff27fc2769a1b78a27578f13a17b -> 
  custom:container-demuxer-webm: 4f35f7cbe854078d1ac9338744f61a02 -> 
  custom:video-encoder-webm-vp8: eb34c28f22e8b96e1ab97ce403110664 -> 
  custom:video-codec-MediaFoundation-h265: e54d7ab0439102e2317fc1e4b246158d -> 
  custom:audio-encoder-webm-vorbis: bf7c407c2cedff20999df2af8eb42d56 -> 
  custom:framework-win-MediaFoundation: 216162199b28c13a410421893ffa2e32 -> 
  custom:container-demuxer-ogg: 62fdf1f143b41e24485cea50d1cbac27 -> 
  custom:video-decoder-webm-vp8: 9c59270c3fd7afecdb556c50c9e8de78 -> 
  custom:audio-decoder-ogg-vorbis: bf7c407c2cedff20999df2af8eb42d56 -> 
========================================================================
Received Import Request.
  Time since last request: 1039808.198097 seconds.
  path: Assets/Shaders/UI Shaders/SkillTreeBW.shadergraph
  artifactKey: Guid(50105ae38afb36341b5a2b3470c294fd) Importer(815301076,1909f56bfc062723c751e8b465ee728b)
Start importing Assets/Shaders/UI Shaders/SkillTreeBW.shadergraph using Guid(50105ae38afb36341b5a2b3470c294fd) Importer(815301076,1909f56bfc062723c751e8b465ee728b)  -> (artifact id: '67e85650df18e16e0674c2eb9de66bd7') in 0.050487 seconds 
========================================================================
Received Prepare
Registering precompiled user dll's ...
Registered in 0.007520 seconds.
Begin MonoManager ReloadAssembly
Symbol file LoadedFromMemory doesn't match image D:\Unity Projects\Github\Little_Warrior_Reboot\Little_Warrior_Reboot\Library\PackageCache\com.unity.visualscripting@1.7.8\Editor\VisualScripting.Core\Dependencies\YamlDotNet\Unity.VisualScripting.YamlDotNet.dll
Symbol file LoadedFromMemory doesn't match image D:\Unity Projects\Github\Little_Warrior_Reboot\Little_Warrior_Reboot\Library\PackageCache\com.unity.visualscripting@1.7.8\Editor\VisualScripting.Core\Dependencies\DotNetZip\Unity.VisualScripting.IonicZip.dll
Native extension for UWP target not found
Native extension for WindowsStandalone target not found
Native extension for WebGL target not found
Refreshing native plugins compatible for Editor in 1.38 ms, found 4 plugins.
Preloading 0 native plugins for Editor in 0.00 ms.
Mono: successfully reloaded assembly
- Completed reload, in  1.348 seconds
Domain Reload Profiling:
	ReloadAssembly (1349ms)
		BeginReloadAssembly (154ms)
			ExecutionOrderSort (0ms)
			DisableScriptedObjects (6ms)
			BackupInstance (0ms)
			ReleaseScriptingObjects (0ms)
			CreateAndSetChildDomain (52ms)
		EndReloadAssembly (1089ms)
			LoadAssemblies (114ms)
			RebuildTransferFunctionScriptingTraits (0ms)
			SetupTypeCache (313ms)
			ReleaseScriptCaches (2ms)
			RebuildScriptCaches (60ms)
			SetupLoadedEditorAssemblies (550ms)
				LogAssemblyErrors (0ms)
				InitializePlatformSupportModulesInManaged (16ms)
				SetLoadedEditorAssemblies (0ms)
				RefreshPlugins (1ms)
				BeforeProcessingInitializeOnLoad (102ms)
				ProcessInitializeOnLoadAttributes (326ms)
				ProcessInitializeOnLoadMethodAttributes (92ms)
				AfterProcessingInitializeOnLoad (11ms)
				EditorAssembliesLoaded (0ms)
			ExecutionOrderSort2 (0ms)
			AwakeInstancesAfterBackupRestoration (10ms)
Platform modules already initialized, skipping
Refreshing native plugins compatible for Editor in 3.58 ms, found 4 plugins.
Preloading 0 native plugins for Editor in 0.00 ms.
Unloading 5964 Unused Serialized files (Serialized files now loaded: 0)
Unloading 44 unused Assets / (1.2 MB). Loaded Objects now: 6555.
Memory consumption went from 230.0 MB to 228.8 MB.
Total: 5.675400 ms (FindLiveObjects: 0.777400 ms CreateObjectMapping: 0.162300 ms MarkObjects: 4.141900 ms  DeleteObjects: 0.592700 ms)

AssetImportParameters requested are different than current active one (requested -> active):
  custom:video-decoder-ogg-theora: a1e56fd34408186e4bbccfd4996cb3dc -> 
  custom:container-muxer-webm: aa71ff27fc2769a1b78a27578f13a17b -> 
  custom:container-demuxer-webm: 4f35f7cbe854078d1ac9338744f61a02 -> 
  custom:video-encoder-webm-vp8: eb34c28f22e8b96e1ab97ce403110664 -> 
  custom:video-codec-MediaFoundation-h265: e54d7ab0439102e2317fc1e4b246158d -> 
  custom:audio-encoder-webm-vorbis: bf7c407c2cedff20999df2af8eb42d56 -> 
  custom:framework-win-MediaFoundation: 216162199b28c13a410421893ffa2e32 -> 
  custom:container-demuxer-ogg: 62fdf1f143b41e24485cea50d1cbac27 -> 
  custom:video-decoder-webm-vp8: 9c59270c3fd7afecdb556c50c9e8de78 -> 
  custom:audio-decoder-ogg-vorbis: bf7c407c2cedff20999df2af8eb42d56 -> 
========================================================================
Received Prepare
Registering precompiled user dll's ...
Registered in 0.008168 seconds.
Begin MonoManager ReloadAssembly
Symbol file LoadedFromMemory doesn't match image D:\Unity Projects\Github\Little_Warrior_Reboot\Little_Warrior_Reboot\Library\PackageCache\com.unity.visualscripting@1.7.8\Editor\VisualScripting.Core\Dependencies\YamlDotNet\Unity.VisualScripting.YamlDotNet.dll
Symbol file LoadedFromMemory doesn't match image D:\Unity Projects\Github\Little_Warrior_Reboot\Little_Warrior_Reboot\Library\PackageCache\com.unity.visualscripting@1.7.8\Editor\VisualScripting.Core\Dependencies\DotNetZip\Unity.VisualScripting.IonicZip.dll
Native extension for UWP target not found
Native extension for WindowsStandalone target not found
Native extension for WebGL target not found
Refreshing native plugins compatible for Editor in 1.43 ms, found 4 plugins.
Preloading 0 native plugins for Editor in 0.00 ms.
Mono: successfully reloaded assembly
- Completed reload, in  1.332 seconds
Domain Reload Profiling:
	ReloadAssembly (1333ms)
		BeginReloadAssembly (150ms)
			ExecutionOrderSort (0ms)
			DisableScriptedObjects (6ms)
			BackupInstance (0ms)
			ReleaseScriptingObjects (0ms)
			CreateAndSetChildDomain (48ms)
		EndReloadAssembly (1081ms)
			LoadAssemblies (114ms)
			RebuildTransferFunctionScriptingTraits (0ms)
			SetupTypeCache (303ms)
			ReleaseScriptCaches (3ms)
			RebuildScriptCaches (59ms)
			SetupLoadedEditorAssemblies (548ms)
				LogAssemblyErrors (0ms)
				InitializePlatformSupportModulesInManaged (17ms)
				SetLoadedEditorAssemblies (0ms)
				RefreshPlugins (2ms)
				BeforeProcessingInitializeOnLoad (104ms)
				ProcessInitializeOnLoadAttributes (321ms)
				ProcessInitializeOnLoadMethodAttributes (92ms)
				AfterProcessingInitializeOnLoad (11ms)
				EditorAssembliesLoaded (0ms)
			ExecutionOrderSort2 (0ms)
			AwakeInstancesAfterBackupRestoration (10ms)
Platform modules already initialized, skipping
Refreshing native plugins compatible for Editor in 3.29 ms, found 4 plugins.
Preloading 0 native plugins for Editor in 0.00 ms.
Unloading 5964 Unused Serialized files (Serialized files now loaded: 0)
Unloading 44 unused Assets / (1.2 MB). Loaded Objects now: 6570.
Memory consumption went from 230.0 MB to 228.8 MB.
Total: 5.149000 ms (FindLiveObjects: 0.607900 ms CreateObjectMapping: 0.156000 ms MarkObjects: 3.762600 ms  DeleteObjects: 0.621200 ms)

AssetImportParameters requested are different than current active one (requested -> active):
  custom:video-decoder-ogg-theora: a1e56fd34408186e4bbccfd4996cb3dc -> 
  custom:container-muxer-webm: aa71ff27fc2769a1b78a27578f13a17b -> 
  custom:container-demuxer-webm: 4f35f7cbe854078d1ac9338744f61a02 -> 
  custom:video-encoder-webm-vp8: eb34c28f22e8b96e1ab97ce403110664 -> 
  custom:video-codec-MediaFoundation-h265: e54d7ab0439102e2317fc1e4b246158d -> 
  custom:audio-encoder-webm-vorbis: bf7c407c2cedff20999df2af8eb42d56 -> 
  custom:framework-win-MediaFoundation: 216162199b28c13a410421893ffa2e32 -> 
  custom:container-demuxer-ogg: 62fdf1f143b41e24485cea50d1cbac27 -> 
  custom:video-decoder-webm-vp8: 9c59270c3fd7afecdb556c50c9e8de78 -> 
  custom:audio-decoder-ogg-vorbis: bf7c407c2cedff20999df2af8eb42d56 -> 
========================================================================
Received Import Request.
  Time since last request: 1762.927930 seconds.
  path: Assets/Shaders/UI Shaders/New Material.mat
  artifactKey: Guid(ffb80f123fd86394998f484b5feae368) Importer(815301076,1909f56bfc062723c751e8b465ee728b)
Start importing Assets/Shaders/UI Shaders/New Material.mat using Guid(ffb80f123fd86394998f484b5feae368) Importer(815301076,1909f56bfc062723c751e8b465ee728b)  -> (artifact id: '1040cba45b6d562a6d08ff49bb1333ea') in 0.231027 seconds 
========================================================================
Received Import Request.
  Time since last request: 245.250623 seconds.
  path: Assets/Shaders/UI Shaders/SkillTreeBWShader.shader
  artifactKey: Guid(88ff137115b673146acc39eaccf49372) Importer(815301076,1909f56bfc062723c751e8b465ee728b)
Start importing Assets/Shaders/UI Shaders/SkillTreeBWShader.shader using Guid(88ff137115b673146acc39eaccf49372) Importer(815301076,1909f56bfc062723c751e8b465ee728b)  -> (artifact id: '53ae39b146969b428d80977c012e7cc9') in 0.008765 seconds 
========================================================================
Received Import Request.
  Time since last request: 593.830233 seconds.
  path: Assets/Shaders/UI Shaders/SkillTreeBWShader.shader
  artifactKey: Guid(88ff137115b673146acc39eaccf49372) Importer(815301076,1909f56bfc062723c751e8b465ee728b)
Start importing Assets/Shaders/UI Shaders/SkillTreeBWShader.shader using Guid(88ff137115b673146acc39eaccf49372) Importer(815301076,1909f56bfc062723c751e8b465ee728b)  -> (artifact id: 'a680fdf4680ca43529f693ca1295db62') in 0.003394 seconds 
========================================================================
Received Import Request.
  Time since last request: 28.393801 seconds.
  path: Assets/Shaders/UI Shaders/SkillTreeBWShader.shader
  artifactKey: Guid(88ff137115b673146acc39eaccf49372) Importer(815301076,1909f56bfc062723c751e8b465ee728b)
Start importing Assets/Shaders/UI Shaders/SkillTreeBWShader.shader using Guid(88ff137115b673146acc39eaccf49372) Importer(815301076,1909f56bfc062723c751e8b465ee728b)  -> (artifact id: '3935413bf4d779ff6cb5b3451a6c5d1e') in 0.050575 seconds 
========================================================================
Received Import Request.
  Time since last request: 7.427555 seconds.
  path: Assets/Shaders/UI Shaders/SkillTreeBWShader.shader
  artifactKey: Guid(88ff137115b673146acc39eaccf49372) Importer(815301076,1909f56bfc062723c751e8b465ee728b)
Start importing Assets/Shaders/UI Shaders/SkillTreeBWShader.shader using Guid(88ff137115b673146acc39eaccf49372) Importer(815301076,1909f56bfc062723c751e8b465ee728b)  -> (artifact id: '124f37cf48ce823134b25d433e084103') in 0.116051 seconds 
========================================================================
Received Import Request.
  Time since last request: 25.332520 seconds.
  path: Assets/Shaders/UI Shaders/TestBWMat.mat
  artifactKey: Guid(432ad2c51c3927f43ad3f398a700607c) Importer(815301076,1909f56bfc062723c751e8b465ee728b)
Start importing Assets/Shaders/UI Shaders/TestBWMat.mat using Guid(432ad2c51c3927f43ad3f398a700607c) Importer(815301076,1909f56bfc062723c751e8b465ee728b)  -> (artifact id: 'e5a8565c2ca645c6abfa73a2e0232ce6') in 0.018538 seconds 
========================================================================
Received Import Request.
  Time since last request: 1270.735251 seconds.
  path: Packages/com.unity.inputsystem/InputSystem/Editor/Icons/d_Position.png
  artifactKey: Guid(c5bdeae4dabac4bf19f7a1afcf5ca678) Importer(815301076,1909f56bfc062723c751e8b465ee728b)
Start importing Packages/com.unity.inputsystem/InputSystem/Editor/Icons/d_Position.png using Guid(c5bdeae4dabac4bf19f7a1afcf5ca678) Importer(815301076,1909f56bfc062723c751e8b465ee728b)  -> (artifact id: '1ae93ddff3959ba799cc965887ce823f') in 0.110822 seconds 
========================================================================
Received Import Request.
  Time since last request: 0.000036 seconds.
  path: Packages/com.unity.inputsystem/InputSystem/Editor/Icons/d_Position@4x.png
  artifactKey: Guid(ac4c5ccb2785f4460b2dcfe47010c688) Importer(815301076,1909f56bfc062723c751e8b465ee728b)
Start importing Packages/com.unity.inputsystem/InputSystem/Editor/Icons/d_Position@4x.png using Guid(ac4c5ccb2785f4460b2dcfe47010c688) Importer(815301076,1909f56bfc062723c751e8b465ee728b)  -> (artifact id: '1db676f52797cd121f81342b51f225bf') in 0.057841 seconds 
========================================================================
Received Import Request.
  Time since last request: 0.000054 seconds.
  path: Packages/com.unity.inputsystem/InputSystem/Editor/Icons/d_Position@3x.png
  artifactKey: Guid(e1da124f7cbda41a4925397406076a42) Importer(815301076,1909f56bfc062723c751e8b465ee728b)
Start importing Packages/com.unity.inputsystem/InputSystem/Editor/Icons/d_Position@3x.png using Guid(e1da124f7cbda41a4925397406076a42) Importer(815301076,1909f56bfc062723c751e8b465ee728b)  -> (artifact id: '20cd11e37a50a88539ade05d9e9288db') in 0.033634 seconds 
========================================================================
Received Import Request.
  Time since last request: 121.123725 seconds.
  path: Assets/Shaders/UI Shaders/SkillTreeBWShader.shader
  artifactKey: Guid(88ff137115b673146acc39eaccf49372) Importer(815301076,1909f56bfc062723c751e8b465ee728b)
Start importing Assets/Shaders/UI Shaders/SkillTreeBWShader.shader using Guid(88ff137115b673146acc39eaccf49372) Importer(815301076,1909f56bfc062723c751e8b465ee728b)  -> (artifact id: '3d3ca5e8aa313a7c79f76a138ec53def') in 0.003686 seconds 
========================================================================
Received Import Request.
  Time since last request: 23.850952 seconds.
  path: Assets/Shaders/UI Shaders/TestBWMat.mat
  artifactKey: Guid(432ad2c51c3927f43ad3f398a700607c) Importer(815301076,1909f56bfc062723c751e8b465ee728b)
Start importing Assets/Shaders/UI Shaders/TestBWMat.mat using Guid(432ad2c51c3927f43ad3f398a700607c) Importer(815301076,1909f56bfc062723c751e8b465ee728b)  -> (artifact id: '1f5aa5b3b5fc26b55804ac00b4af4e68') in 0.037350 seconds 
========================================================================
Received Import Request.
  Time since last request: 164.824999 seconds.
  path: Assets/Shaders/UI Shaders/TestBWMat.mat
  artifactKey: Guid(432ad2c51c3927f43ad3f398a700607c) Importer(815301076,1909f56bfc062723c751e8b465ee728b)
Start importing Assets/Shaders/UI Shaders/TestBWMat.mat using Guid(432ad2c51c3927f43ad3f398a700607c) Importer(815301076,1909f56bfc062723c751e8b465ee728b)  -> (artifact id: '1d3c770e2c572f5e4c1bd3df85f507d4') in 0.029868 seconds 
========================================================================
Received Import Request.
  Time since last request: 0.927556 seconds.
  path: Assets/Shaders/UI Shaders/SkillTreeBWShader.shader
  artifactKey: Guid(88ff137115b673146acc39eaccf49372) Importer(815301076,1909f56bfc062723c751e8b465ee728b)
Start importing Assets/Shaders/UI Shaders/SkillTreeBWShader.shader using Guid(88ff137115b673146acc39eaccf49372) Importer(815301076,1909f56bfc062723c751e8b465ee728b)  -> (artifact id: 'fe52e5c6f15512bea3684b59b6a69028') in 0.003468 seconds 
========================================================================
Received Import Request.
  Time since last request: 437.385859 seconds.
  path: Assets/Shaders/UI Shaders/SkillTreeBW.shadergraph
  artifactKey: Guid(50105ae38afb36341b5a2b3470c294fd) Importer(815301076,1909f56bfc062723c751e8b465ee728b)
Start importing Assets/Shaders/UI Shaders/SkillTreeBW.shadergraph using Guid(50105ae38afb36341b5a2b3470c294fd) Importer(815301076,1909f56bfc062723c751e8b465ee728b)  -> (artifact id: 'e9b82fdd1e14e25cf445ebc2587164a5') in 0.003489 seconds 
========================================================================
Received Prepare
Registering precompiled user dll's ...
Registered in 0.008025 seconds.
Begin MonoManager ReloadAssembly
Symbol file LoadedFromMemory doesn't match image D:\Unity Projects\Github\Little_Warrior_Reboot\Little_Warrior_Reboot\Library\PackageCache\com.unity.visualscripting@1.7.8\Editor\VisualScripting.Core\Dependencies\YamlDotNet\Unity.VisualScripting.YamlDotNet.dll
Symbol file LoadedFromMemory doesn't match image D:\Unity Projects\Github\Little_Warrior_Reboot\Little_Warrior_Reboot\Library\PackageCache\com.unity.visualscripting@1.7.8\Editor\VisualScripting.Core\Dependencies\DotNetZip\Unity.VisualScripting.IonicZip.dll
Native extension for UWP target not found
Native extension for WindowsStandalone target not found
Native extension for WebGL target not found
Refreshing native plugins compatible for Editor in 1.47 ms, found 4 plugins.
Preloading 0 native plugins for Editor in 0.00 ms.
Mono: successfully reloaded assembly
- Completed reload, in  1.515 seconds
Domain Reload Profiling:
	ReloadAssembly (1516ms)
		BeginReloadAssembly (244ms)
			ExecutionOrderSort (0ms)
			DisableScriptedObjects (14ms)
			BackupInstance (0ms)
			ReleaseScriptingObjects (0ms)
			CreateAndSetChildDomain (119ms)
		EndReloadAssembly (1158ms)
			LoadAssemblies (123ms)
			RebuildTransferFunctionScriptingTraits (0ms)
			SetupTypeCache (320ms)
			ReleaseScriptCaches (3ms)
			RebuildScriptCaches (65ms)
			SetupLoadedEditorAssemblies (561ms)
				LogAssemblyErrors (0ms)
				InitializePlatformSupportModulesInManaged (18ms)
				SetLoadedEditorAssemblies (0ms)
				RefreshPlugins (2ms)
				BeforeProcessingInitializeOnLoad (106ms)
				ProcessInitializeOnLoadAttributes (332ms)
				ProcessInitializeOnLoadMethodAttributes (93ms)
				AfterProcessingInitializeOnLoad (10ms)
				EditorAssembliesLoaded (0ms)
			ExecutionOrderSort2 (0ms)
			AwakeInstancesAfterBackupRestoration (13ms)
Platform modules already initialized, skipping
Refreshing native plugins compatible for Editor in 4.09 ms, found 4 plugins.
Preloading 0 native plugins for Editor in 0.00 ms.
Unloading 5972 Unused Serialized files (Serialized files now loaded: 0)
Unloading 44 unused Assets / (1.2 MB). Loaded Objects now: 6674.
Memory consumption went from 237.4 MB to 236.2 MB.
Total: 5.250400 ms (FindLiveObjects: 0.596000 ms CreateObjectMapping: 0.208800 ms MarkObjects: 3.849000 ms  DeleteObjects: 0.595100 ms)

AssetImportParameters requested are different than current active one (requested -> active):
  custom:video-decoder-ogg-theora: a1e56fd34408186e4bbccfd4996cb3dc -> 
  custom:container-muxer-webm: aa71ff27fc2769a1b78a27578f13a17b -> 
  custom:container-demuxer-webm: 4f35f7cbe854078d1ac9338744f61a02 -> 
  custom:video-encoder-webm-vp8: eb34c28f22e8b96e1ab97ce403110664 -> 
  custom:video-codec-MediaFoundation-h265: e54d7ab0439102e2317fc1e4b246158d -> 
  custom:audio-encoder-webm-vorbis: bf7c407c2cedff20999df2af8eb42d56 -> 
  custom:framework-win-MediaFoundation: 216162199b28c13a410421893ffa2e32 -> 
  custom:container-demuxer-ogg: 62fdf1f143b41e24485cea50d1cbac27 -> 
  custom:video-decoder-webm-vp8: 9c59270c3fd7afecdb556c50c9e8de78 -> 
  custom:audio-decoder-ogg-vorbis: bf7c407c2cedff20999df2af8eb42d56 -> 
========================================================================
Received Import Request.
  Time since last request: 255.475844 seconds.
  path: Assets/Materials/SkillTreeLocked.mat
  artifactKey: Guid(622a9bdcd21ee67469836b6bff4d88b6) Importer(815301076,1909f56bfc062723c751e8b465ee728b)
Start importing Assets/Materials/SkillTreeLocked.mat using Guid(622a9bdcd21ee67469836b6bff4d88b6) Importer(815301076,1909f56bfc062723c751e8b465ee728b)  -> (artifact id: '87260e7776233b7b1a1770e61d86ccf2') in 0.418090 seconds 
========================================================================
Received Import Request.
  Time since last request: 112.509665 seconds.
  path: Assets/Shaders/UI Shaders/SkillTreeBWShader.shader
  artifactKey: Guid(88ff137115b673146acc39eaccf49372) Importer(815301076,1909f56bfc062723c751e8b465ee728b)
Start importing Assets/Shaders/UI Shaders/SkillTreeBWShader.shader using Guid(88ff137115b673146acc39eaccf49372) Importer(815301076,1909f56bfc062723c751e8b465ee728b)  -> (artifact id: '7a53d71ec994fd41350288a0c2df43cb') in 0.004309 seconds 
========================================================================
Received Import Request.
  Time since last request: 77.690619 seconds.
  path: Assets/Shaders/UI Shaders/SkillTreeBW.shadergraph
  artifactKey: Guid(50105ae38afb36341b5a2b3470c294fd) Importer(815301076,1909f56bfc062723c751e8b465ee728b)
Start importing Assets/Shaders/UI Shaders/SkillTreeBW.shadergraph using Guid(50105ae38afb36341b5a2b3470c294fd) Importer(815301076,1909f56bfc062723c751e8b465ee728b)  -> (artifact id: 'df3f5cd1cab3133058e003a470202360') in 0.010616 seconds 
========================================================================
Received Import Request.
  Time since last request: 54.355194 seconds.
  path: Assets/Shaders/UI Shaders/SkillTreeBW.shadergraph
  artifactKey: Guid(50105ae38afb36341b5a2b3470c294fd) Importer(815301076,1909f56bfc062723c751e8b465ee728b)
Start importing Assets/Shaders/UI Shaders/SkillTreeBW.shadergraph using Guid(50105ae38afb36341b5a2b3470c294fd) Importer(815301076,1909f56bfc062723c751e8b465ee728b)  -> (artifact id: '4872fdcb80025585a9160c7f4ec4b270') in 0.003908 seconds 
========================================================================
Received Prepare
Registering precompiled user dll's ...
Registered in 0.007197 seconds.
Begin MonoManager ReloadAssembly
Symbol file LoadedFromMemory doesn't match image D:\Unity Projects\Github\Little_Warrior_Reboot\Little_Warrior_Reboot\Library\PackageCache\com.unity.visualscripting@1.7.8\Editor\VisualScripting.Core\Dependencies\YamlDotNet\Unity.VisualScripting.YamlDotNet.dll
Symbol file LoadedFromMemory doesn't match image D:\Unity Projects\Github\Little_Warrior_Reboot\Little_Warrior_Reboot\Library\PackageCache\com.unity.visualscripting@1.7.8\Editor\VisualScripting.Core\Dependencies\DotNetZip\Unity.VisualScripting.IonicZip.dll
Native extension for UWP target not found
Native extension for WindowsStandalone target not found
Native extension for WebGL target not found
Refreshing native plugins compatible for Editor in 1.35 ms, found 4 plugins.
Preloading 0 native plugins for Editor in 0.00 ms.
Mono: successfully reloaded assembly
- Completed reload, in  1.349 seconds
Domain Reload Profiling:
	ReloadAssembly (1350ms)
		BeginReloadAssembly (163ms)
			ExecutionOrderSort (0ms)
			DisableScriptedObjects (10ms)
			BackupInstance (0ms)
			ReleaseScriptingObjects (0ms)
			CreateAndSetChildDomain (57ms)
		EndReloadAssembly (1085ms)
			LoadAssemblies (111ms)
			RebuildTransferFunctionScriptingTraits (0ms)
			SetupTypeCache (298ms)
			ReleaseScriptCaches (3ms)
			RebuildScriptCaches (57ms)
			SetupLoadedEditorAssemblies (539ms)
				LogAssemblyErrors (0ms)
				InitializePlatformSupportModulesInManaged (15ms)
				SetLoadedEditorAssemblies (0ms)
				RefreshPlugins (1ms)
				BeforeProcessingInitializeOnLoad (96ms)
				ProcessInitializeOnLoadAttributes (323ms)
				ProcessInitializeOnLoadMethodAttributes (91ms)
				AfterProcessingInitializeOnLoad (11ms)
				EditorAssembliesLoaded (0ms)
			ExecutionOrderSort2 (0ms)
			AwakeInstancesAfterBackupRestoration (14ms)
Platform modules already initialized, skipping
Refreshing native plugins compatible for Editor in 3.44 ms, found 4 plugins.
Preloading 0 native plugins for Editor in 0.00 ms.
Unloading 5971 Unused Serialized files (Serialized files now loaded: 0)
Unloading 44 unused Assets / (1.2 MB). Loaded Objects now: 6730.
Memory consumption went from 237.2 MB to 236.0 MB.
Total: 5.535600 ms (FindLiveObjects: 0.754400 ms CreateObjectMapping: 0.201200 ms MarkObjects: 3.896600 ms  DeleteObjects: 0.681700 ms)

AssetImportParameters requested are different than current active one (requested -> active):
  custom:video-decoder-ogg-theora: a1e56fd34408186e4bbccfd4996cb3dc -> 
  custom:container-muxer-webm: aa71ff27fc2769a1b78a27578f13a17b -> 
  custom:container-demuxer-webm: 4f35f7cbe854078d1ac9338744f61a02 -> 
  custom:video-encoder-webm-vp8: eb34c28f22e8b96e1ab97ce403110664 -> 
  custom:video-codec-MediaFoundation-h265: e54d7ab0439102e2317fc1e4b246158d -> 
  custom:audio-encoder-webm-vorbis: bf7c407c2cedff20999df2af8eb42d56 -> 
  custom:framework-win-MediaFoundation: 216162199b28c13a410421893ffa2e32 -> 
  custom:container-demuxer-ogg: 62fdf1f143b41e24485cea50d1cbac27 -> 
  custom:video-decoder-webm-vp8: 9c59270c3fd7afecdb556c50c9e8de78 -> 
  custom:audio-decoder-ogg-vorbis: bf7c407c2cedff20999df2af8eb42d56 -> 
========================================================================
Received Import Request.
  Time since last request: 699.545350 seconds.
  path: Assets/Shaders/UI Shaders/SkillTreeBW.shadergraph
  artifactKey: Guid(50105ae38afb36341b5a2b3470c294fd) Importer(815301076,1909f56bfc062723c751e8b465ee728b)
Start importing Assets/Shaders/UI Shaders/SkillTreeBW.shadergraph using Guid(50105ae38afb36341b5a2b3470c294fd) Importer(815301076,1909f56bfc062723c751e8b465ee728b)  -> (artifact id: '27ccd5696255d69b7a3aca65db78a048') in 0.024293 seconds 
========================================================================
Received Import Request.
  Time since last request: 62.850113 seconds.
  path: Assets/Shaders/UI Shaders/SkillTreeBW.shadergraph
  artifactKey: Guid(50105ae38afb36341b5a2b3470c294fd) Importer(815301076,1909f56bfc062723c751e8b465ee728b)
Start importing Assets/Shaders/UI Shaders/SkillTreeBW.shadergraph using Guid(50105ae38afb36341b5a2b3470c294fd) Importer(815301076,1909f56bfc062723c751e8b465ee728b)  -> (artifact id: '7faf1c3bbe5978b74f913c013fe0b2b7') in 0.002868 seconds 
========================================================================
Received Prepare
Registering precompiled user dll's ...
Registered in 0.008007 seconds.
Begin MonoManager ReloadAssembly
Symbol file LoadedFromMemory doesn't match image D:\Unity Projects\Github\Little_Warrior_Reboot\Little_Warrior_Reboot\Library\PackageCache\com.unity.visualscripting@1.7.8\Editor\VisualScripting.Core\Dependencies\YamlDotNet\Unity.VisualScripting.YamlDotNet.dll
Symbol file LoadedFromMemory doesn't match image D:\Unity Projects\Github\Little_Warrior_Reboot\Little_Warrior_Reboot\Library\PackageCache\com.unity.visualscripting@1.7.8\Editor\VisualScripting.Core\Dependencies\DotNetZip\Unity.VisualScripting.IonicZip.dll
Native extension for UWP target not found
Native extension for WindowsStandalone target not found
Native extension for WebGL target not found
Refreshing native plugins compatible for Editor in 1.65 ms, found 4 plugins.
Preloading 0 native plugins for Editor in 0.00 ms.
Mono: successfully reloaded assembly
- Completed reload, in  1.382 seconds
Domain Reload Profiling:
	ReloadAssembly (1383ms)
		BeginReloadAssembly (154ms)
			ExecutionOrderSort (0ms)
			DisableScriptedObjects (7ms)
			BackupInstance (0ms)
			ReleaseScriptingObjects (0ms)
			CreateAndSetChildDomain (48ms)
		EndReloadAssembly (1124ms)
			LoadAssemblies (125ms)
			RebuildTransferFunctionScriptingTraits (0ms)
			SetupTypeCache (293ms)
			ReleaseScriptCaches (3ms)
			RebuildScriptCaches (57ms)
			SetupLoadedEditorAssemblies (570ms)
				LogAssemblyErrors (0ms)
				InitializePlatformSupportModulesInManaged (18ms)
				SetLoadedEditorAssemblies (1ms)
				RefreshPlugins (2ms)
				BeforeProcessingInitializeOnLoad (104ms)
				ProcessInitializeOnLoadAttributes (342ms)
				ProcessInitializeOnLoadMethodAttributes (93ms)
				AfterProcessingInitializeOnLoad (10ms)
				EditorAssembliesLoaded (0ms)
			ExecutionOrderSort2 (0ms)
			AwakeInstancesAfterBackupRestoration (13ms)
Platform modules already initialized, skipping
Refreshing native plugins compatible for Editor in 3.31 ms, found 4 plugins.
Preloading 0 native plugins for Editor in 0.00 ms.
Unloading 5972 Unused Serialized files (Serialized files now loaded: 0)
Unloading 44 unused Assets / (1.2 MB). Loaded Objects now: 6745.
Memory consumption went from 237.3 MB to 236.1 MB.
Total: 6.147500 ms (FindLiveObjects: 0.866100 ms CreateObjectMapping: 0.458300 ms MarkObjects: 4.027300 ms  DeleteObjects: 0.794100 ms)

AssetImportParameters requested are different than current active one (requested -> active):
  custom:video-decoder-ogg-theora: a1e56fd34408186e4bbccfd4996cb3dc -> 
  custom:container-muxer-webm: aa71ff27fc2769a1b78a27578f13a17b -> 
  custom:container-demuxer-webm: 4f35f7cbe854078d1ac9338744f61a02 -> 
  custom:video-encoder-webm-vp8: eb34c28f22e8b96e1ab97ce403110664 -> 
  custom:video-codec-MediaFoundation-h265: e54d7ab0439102e2317fc1e4b246158d -> 
  custom:audio-encoder-webm-vorbis: bf7c407c2cedff20999df2af8eb42d56 -> 
  custom:framework-win-MediaFoundation: 216162199b28c13a410421893ffa2e32 -> 
  custom:container-demuxer-ogg: 62fdf1f143b41e24485cea50d1cbac27 -> 
  custom:video-decoder-webm-vp8: 9c59270c3fd7afecdb556c50c9e8de78 -> 
  custom:audio-decoder-ogg-vorbis: bf7c407c2cedff20999df2af8eb42d56 -> 
========================================================================
Received Import Request.
  Time since last request: 66.953942 seconds.
  path: Assets/Shaders/UI Shaders/SkillTreeBW.shadergraph
  artifactKey: Guid(50105ae38afb36341b5a2b3470c294fd) Importer(815301076,1909f56bfc062723c751e8b465ee728b)
Start importing Assets/Shaders/UI Shaders/SkillTreeBW.shadergraph using Guid(50105ae38afb36341b5a2b3470c294fd) Importer(815301076,1909f56bfc062723c751e8b465ee728b)  -> (artifact id: '336b0147b50c54286ce90b0cb35aaba3') in 0.020704 seconds 
========================================================================
Received Prepare
Registering precompiled user dll's ...
Registered in 0.007452 seconds.
Begin MonoManager ReloadAssembly
Symbol file LoadedFromMemory doesn't match image D:\Unity Projects\Github\Little_Warrior_Reboot\Little_Warrior_Reboot\Library\PackageCache\com.unity.visualscripting@1.7.8\Editor\VisualScripting.Core\Dependencies\YamlDotNet\Unity.VisualScripting.YamlDotNet.dll
Symbol file LoadedFromMemory doesn't match image D:\Unity Projects\Github\Little_Warrior_Reboot\Little_Warrior_Reboot\Library\PackageCache\com.unity.visualscripting@1.7.8\Editor\VisualScripting.Core\Dependencies\DotNetZip\Unity.VisualScripting.IonicZip.dll
Native extension for UWP target not found
Native extension for WindowsStandalone target not found
Native extension for WebGL target not found
Refreshing native plugins compatible for Editor in 1.51 ms, found 4 plugins.
Preloading 0 native plugins for Editor in 0.00 ms.
Mono: successfully reloaded assembly
- Completed reload, in  1.346 seconds
Domain Reload Profiling:
	ReloadAssembly (1347ms)
		BeginReloadAssembly (164ms)
			ExecutionOrderSort (0ms)
			DisableScriptedObjects (8ms)
			BackupInstance (0ms)
			ReleaseScriptingObjects (0ms)
			CreateAndSetChildDomain (55ms)
		EndReloadAssembly (1080ms)
			LoadAssemblies (112ms)
			RebuildTransferFunctionScriptingTraits (0ms)
			SetupTypeCache (291ms)
			ReleaseScriptCaches (3ms)
			RebuildScriptCaches (58ms)
			SetupLoadedEditorAssemblies (540ms)
				LogAssemblyErrors (0ms)
				InitializePlatformSupportModulesInManaged (17ms)
				SetLoadedEditorAssemblies (1ms)
				RefreshPlugins (2ms)
				BeforeProcessingInitializeOnLoad (99ms)
				ProcessInitializeOnLoadAttributes (319ms)
				ProcessInitializeOnLoadMethodAttributes (93ms)
				AfterProcessingInitializeOnLoad (10ms)
				EditorAssembliesLoaded (0ms)
			ExecutionOrderSort2 (0ms)
			AwakeInstancesAfterBackupRestoration (14ms)
Platform modules already initialized, skipping
Refreshing native plugins compatible for Editor in 3.15 ms, found 4 plugins.
Preloading 0 native plugins for Editor in 0.00 ms.
Unloading 5972 Unused Serialized files (Serialized files now loaded: 0)
Unloading 44 unused Assets / (1.2 MB). Loaded Objects now: 6760.
Memory consumption went from 237.3 MB to 236.1 MB.
Total: 5.368500 ms (FindLiveObjects: 0.605600 ms CreateObjectMapping: 0.206300 ms MarkObjects: 3.822800 ms  DeleteObjects: 0.732500 ms)

AssetImportParameters requested are different than current active one (requested -> active):
  custom:video-decoder-ogg-theora: a1e56fd34408186e4bbccfd4996cb3dc -> 
  custom:container-muxer-webm: aa71ff27fc2769a1b78a27578f13a17b -> 
  custom:container-demuxer-webm: 4f35f7cbe854078d1ac9338744f61a02 -> 
  custom:video-encoder-webm-vp8: eb34c28f22e8b96e1ab97ce403110664 -> 
  custom:video-codec-MediaFoundation-h265: e54d7ab0439102e2317fc1e4b246158d -> 
  custom:audio-encoder-webm-vorbis: bf7c407c2cedff20999df2af8eb42d56 -> 
  custom:framework-win-MediaFoundation: 216162199b28c13a410421893ffa2e32 -> 
  custom:container-demuxer-ogg: 62fdf1f143b41e24485cea50d1cbac27 -> 
  custom:video-decoder-webm-vp8: 9c59270c3fd7afecdb556c50c9e8de78 -> 
  custom:audio-decoder-ogg-vorbis: bf7c407c2cedff20999df2af8eb42d56 -> 
========================================================================
Received Import Request.
  Time since last request: 698.314128 seconds.
  path: Assets/Shaders/UI Shaders/SkillTreeBW.shadergraph
  artifactKey: Guid(50105ae38afb36341b5a2b3470c294fd) Importer(815301076,1909f56bfc062723c751e8b465ee728b)
Start importing Assets/Shaders/UI Shaders/SkillTreeBW.shadergraph using Guid(50105ae38afb36341b5a2b3470c294fd) Importer(815301076,1909f56bfc062723c751e8b465ee728b)  -> (artifact id: 'b558c6b763f3b34f4ef945247ada3cd3') in 0.023118 seconds 
========================================================================
Received Prepare
Registering precompiled user dll's ...
Registered in 0.008306 seconds.
Begin MonoManager ReloadAssembly
Symbol file LoadedFromMemory doesn't match image D:\Unity Projects\Github\Little_Warrior_Reboot\Little_Warrior_Reboot\Library\PackageCache\com.unity.visualscripting@1.7.8\Editor\VisualScripting.Core\Dependencies\YamlDotNet\Unity.VisualScripting.YamlDotNet.dll
Symbol file LoadedFromMemory doesn't match image D:\Unity Projects\Github\Little_Warrior_Reboot\Little_Warrior_Reboot\Library\PackageCache\com.unity.visualscripting@1.7.8\Editor\VisualScripting.Core\Dependencies\DotNetZip\Unity.VisualScripting.IonicZip.dll
Native extension for UWP target not found
Native extension for WindowsStandalone target not found
Native extension for WebGL target not found
Refreshing native plugins compatible for Editor in 1.30 ms, found 4 plugins.
Preloading 0 native plugins for Editor in 0.00 ms.
Mono: successfully reloaded assembly
- Completed reload, in  1.770 seconds
Domain Reload Profiling:
	ReloadAssembly (1771ms)
		BeginReloadAssembly (223ms)
			ExecutionOrderSort (0ms)
			DisableScriptedObjects (7ms)
			BackupInstance (0ms)
			ReleaseScriptingObjects (0ms)
			CreateAndSetChildDomain (44ms)
		EndReloadAssembly (1447ms)
			LoadAssemblies (190ms)
			RebuildTransferFunctionScriptingTraits (0ms)
			SetupTypeCache (540ms)
			ReleaseScriptCaches (3ms)
			RebuildScriptCaches (56ms)
			SetupLoadedEditorAssemblies (497ms)
				LogAssemblyErrors (0ms)
				InitializePlatformSupportModulesInManaged (15ms)
				SetLoadedEditorAssemblies (1ms)
				RefreshPlugins (1ms)
				BeforeProcessingInitializeOnLoad (95ms)
				ProcessInitializeOnLoadAttributes (291ms)
				ProcessInitializeOnLoadMethodAttributes (84ms)
				AfterProcessingInitializeOnLoad (10ms)
				EditorAssembliesLoaded (0ms)
			ExecutionOrderSort2 (0ms)
			AwakeInstancesAfterBackupRestoration (12ms)
Platform modules already initialized, skipping
Refreshing native plugins compatible for Editor in 3.42 ms, found 4 plugins.
Preloading 0 native plugins for Editor in 0.00 ms.
Unloading 5972 Unused Serialized files (Serialized files now loaded: 0)
Unloading 44 unused Assets / (1.2 MB). Loaded Objects now: 6775.
Memory consumption went from 237.3 MB to 236.1 MB.
Total: 5.744400 ms (FindLiveObjects: 0.668900 ms CreateObjectMapping: 0.164900 ms MarkObjects: 3.986500 ms  DeleteObjects: 0.922300 ms)

AssetImportParameters requested are different than current active one (requested -> active):
  custom:video-decoder-ogg-theora: a1e56fd34408186e4bbccfd4996cb3dc -> 
  custom:container-muxer-webm: aa71ff27fc2769a1b78a27578f13a17b -> 
  custom:container-demuxer-webm: 4f35f7cbe854078d1ac9338744f61a02 -> 
  custom:video-encoder-webm-vp8: eb34c28f22e8b96e1ab97ce403110664 -> 
  custom:video-codec-MediaFoundation-h265: e54d7ab0439102e2317fc1e4b246158d -> 
  custom:audio-encoder-webm-vorbis: bf7c407c2cedff20999df2af8eb42d56 -> 
  custom:framework-win-MediaFoundation: 216162199b28c13a410421893ffa2e32 -> 
  custom:container-demuxer-ogg: 62fdf1f143b41e24485cea50d1cbac27 -> 
  custom:video-decoder-webm-vp8: 9c59270c3fd7afecdb556c50c9e8de78 -> 
  custom:audio-decoder-ogg-vorbis: bf7c407c2cedff20999df2af8eb42d56 -> 
========================================================================
Received Import Request.
  Time since last request: 1710.098583 seconds.
  path: Assets/Shaders/UI Shaders/TestBuiltInShader.shader
  artifactKey: Guid(0164652c33140954abede194522eb291) Importer(815301076,1909f56bfc062723c751e8b465ee728b)
Start importing Assets/Shaders/UI Shaders/TestBuiltInShader.shader using Guid(0164652c33140954abede194522eb291) Importer(815301076,1909f56bfc062723c751e8b465ee728b)  -> (artifact id: '3ceb16b8ff7baba4e6a3e4be4ca8d5f4') in 0.033821 seconds 
========================================================================
Received Import Request.
  Time since last request: 40.836700 seconds.
  path: Assets/Shaders/UI Shaders/TestBuiltInShader.shader
  artifactKey: Guid(0164652c33140954abede194522eb291) Importer(815301076,1909f56bfc062723c751e8b465ee728b)
Start importing Assets/Shaders/UI Shaders/TestBuiltInShader.shader using Guid(0164652c33140954abede194522eb291) Importer(815301076,1909f56bfc062723c751e8b465ee728b)  -> (artifact id: '8c4e5d8de79de8cca0dd7f7cbf06f626') in 0.003690 seconds 
========================================================================
Received Import Request.
  Time since last request: 14.926854 seconds.
  path: Assets/Shaders/UI Shaders/TestBuiltInMat.mat
  artifactKey: Guid(5272f762c3c804942b84dc2f1f4be299) Importer(815301076,1909f56bfc062723c751e8b465ee728b)
Start importing Assets/Shaders/UI Shaders/TestBuiltInMat.mat using Guid(5272f762c3c804942b84dc2f1f4be299) Importer(815301076,1909f56bfc062723c751e8b465ee728b)  -> (artifact id: 'fb766de0e04577a0c0a253a04c45e42e') in 0.193054 seconds 
========================================================================
Received Import Request.
  Time since last request: 50.709109 seconds.
  path: Assets/Shaders/UI Shaders/TestBuiltInMat.mat
  artifactKey: Guid(5272f762c3c804942b84dc2f1f4be299) Importer(815301076,1909f56bfc062723c751e8b465ee728b)
Start importing Assets/Shaders/UI Shaders/TestBuiltInMat.mat using Guid(5272f762c3c804942b84dc2f1f4be299) Importer(815301076,1909f56bfc062723c751e8b465ee728b)  -> (artifact id: 'f055498fb81d3ae4480ee59d7e4f687f') in 0.059294 seconds 
========================================================================
Received Import Request.
  Time since last request: 614.751531 seconds.
  path: Assets/Shaders/UI Shaders/SkillTreeBW.shadergraph
  artifactKey: Guid(50105ae38afb36341b5a2b3470c294fd) Importer(815301076,1909f56bfc062723c751e8b465ee728b)
Start importing Assets/Shaders/UI Shaders/SkillTreeBW.shadergraph using Guid(50105ae38afb36341b5a2b3470c294fd) Importer(815301076,1909f56bfc062723c751e8b465ee728b)  -> (artifact id: '76290a1abb824a48775a7725ffd14aa5') in 0.007050 seconds 
========================================================================
Received Import Request.
  Time since last request: 1485.704479 seconds.
  path: Assets/Shaders/UI Shaders/SkillTreeBW.shadergraph
  artifactKey: Guid(50105ae38afb36341b5a2b3470c294fd) Importer(815301076,1909f56bfc062723c751e8b465ee728b)
Start importing Assets/Shaders/UI Shaders/SkillTreeBW.shadergraph using Guid(50105ae38afb36341b5a2b3470c294fd) Importer(815301076,1909f56bfc062723c751e8b465ee728b)  -> (artifact id: '7f8bbccda3d7a8ffa689bc66ebbe67f9') in 0.002906 seconds 
========================================================================
Received Import Request.
  Time since last request: 562.030206 seconds.
  path: Assets/Shaders/UI Shaders/BWSkillTreeBuiltIn.shadergraph
  artifactKey: Guid(6bb609316515ec1479bad7e37e8826b3) Importer(815301076,1909f56bfc062723c751e8b465ee728b)
Start importing Assets/Shaders/UI Shaders/BWSkillTreeBuiltIn.shadergraph using Guid(6bb609316515ec1479bad7e37e8826b3) Importer(815301076,1909f56bfc062723c751e8b465ee728b)  -> (artifact id: '7624ee5d85ed27a7cbeef6ac10ac540e') in 0.012247 seconds 
========================================================================
Received Import Request.
  Time since last request: 258.558197 seconds.
  path: Assets/Materials/SkillTreeLocked.mat
  artifactKey: Guid(622a9bdcd21ee67469836b6bff4d88b6) Importer(815301076,1909f56bfc062723c751e8b465ee728b)
Start importing Assets/Materials/SkillTreeLocked.mat using Guid(622a9bdcd21ee67469836b6bff4d88b6) Importer(815301076,1909f56bfc062723c751e8b465ee728b)  -> (artifact id: 'b477fc6953f73edc77054b9cbe15bc8d') in 0.266299 seconds 
========================================================================
Received Import Request.
  Time since last request: 10.945937 seconds.
  path: Assets/Materials/BuiltInLockedSTMat.mat
  artifactKey: Guid(aeca39dd2e8ae3d4b8ff4b4bf29a86c6) Importer(815301076,1909f56bfc062723c751e8b465ee728b)
Start importing Assets/Materials/BuiltInLockedSTMat.mat using Guid(aeca39dd2e8ae3d4b8ff4b4bf29a86c6) Importer(815301076,1909f56bfc062723c751e8b465ee728b)  -> (artifact id: '39095bd61084356dcad279e40b0f34c9') in 0.017517 seconds 
========================================================================
Received Prepare
Registering precompiled user dll's ...
Registered in 0.007917 seconds.
Begin MonoManager ReloadAssembly
Symbol file LoadedFromMemory doesn't match image D:\Unity Projects\Github\Little_Warrior_Reboot\Little_Warrior_Reboot\Library\PackageCache\com.unity.visualscripting@1.7.8\Editor\VisualScripting.Core\Dependencies\YamlDotNet\Unity.VisualScripting.YamlDotNet.dll
Symbol file LoadedFromMemory doesn't match image D:\Unity Projects\Github\Little_Warrior_Reboot\Little_Warrior_Reboot\Library\PackageCache\com.unity.visualscripting@1.7.8\Editor\VisualScripting.Core\Dependencies\DotNetZip\Unity.VisualScripting.IonicZip.dll
Native extension for UWP target not found
Native extension for WindowsStandalone target not found
Native extension for WebGL target not found
Refreshing native plugins compatible for Editor in 1.42 ms, found 4 plugins.
Preloading 0 native plugins for Editor in 0.00 ms.
Mono: successfully reloaded assembly
- Completed reload, in  1.567 seconds
Domain Reload Profiling:
	ReloadAssembly (1568ms)
		BeginReloadAssembly (335ms)
			ExecutionOrderSort (0ms)
			DisableScriptedObjects (28ms)
			BackupInstance (0ms)
			ReleaseScriptingObjects (0ms)
			CreateAndSetChildDomain (162ms)
		EndReloadAssembly (1110ms)
			LoadAssemblies (152ms)
			RebuildTransferFunctionScriptingTraits (0ms)
			SetupTypeCache (326ms)
			ReleaseScriptCaches (3ms)
			RebuildScriptCaches (56ms)
			SetupLoadedEditorAssemblies (518ms)
				LogAssemblyErrors (0ms)
				InitializePlatformSupportModulesInManaged (16ms)
				SetLoadedEditorAssemblies (1ms)
				RefreshPlugins (1ms)
				BeforeProcessingInitializeOnLoad (98ms)
				ProcessInitializeOnLoadAttributes (306ms)
				ProcessInitializeOnLoadMethodAttributes (84ms)
				AfterProcessingInitializeOnLoad (11ms)
				EditorAssembliesLoaded (0ms)
			ExecutionOrderSort2 (0ms)
			AwakeInstancesAfterBackupRestoration (13ms)
Platform modules already initialized, skipping
Refreshing native plugins compatible for Editor in 3.85 ms, found 4 plugins.
Preloading 0 native plugins for Editor in 0.00 ms.
Unloading 5972 Unused Serialized files (Serialized files now loaded: 0)
Unloading 44 unused Assets / (1.2 MB). Loaded Objects now: 6832.
Memory consumption went from 237.6 MB to 236.4 MB.
Total: 5.730800 ms (FindLiveObjects: 0.698900 ms CreateObjectMapping: 0.201500 ms MarkObjects: 4.108300 ms  DeleteObjects: 0.720600 ms)

AssetImportParameters requested are different than current active one (requested -> active):
  custom:video-decoder-ogg-theora: a1e56fd34408186e4bbccfd4996cb3dc -> 
  custom:container-muxer-webm: aa71ff27fc2769a1b78a27578f13a17b -> 
  custom:container-demuxer-webm: 4f35f7cbe854078d1ac9338744f61a02 -> 
  custom:video-encoder-webm-vp8: eb34c28f22e8b96e1ab97ce403110664 -> 
  custom:video-codec-MediaFoundation-h265: e54d7ab0439102e2317fc1e4b246158d -> 
  custom:audio-encoder-webm-vorbis: bf7c407c2cedff20999df2af8eb42d56 -> 
  custom:framework-win-MediaFoundation: 216162199b28c13a410421893ffa2e32 -> 
  custom:container-demuxer-ogg: 62fdf1f143b41e24485cea50d1cbac27 -> 
  custom:video-decoder-webm-vp8: 9c59270c3fd7afecdb556c50c9e8de78 -> 
  custom:audio-decoder-ogg-vorbis: bf7c407c2cedff20999df2af8eb42d56 -> 
========================================================================
Received Prepare
Registering precompiled user dll's ...
Registered in 0.007628 seconds.
Begin MonoManager ReloadAssembly
Symbol file LoadedFromMemory doesn't match image D:\Unity Projects\Github\Little_Warrior_Reboot\Little_Warrior_Reboot\Library\PackageCache\com.unity.visualscripting@1.7.8\Editor\VisualScripting.Core\Dependencies\YamlDotNet\Unity.VisualScripting.YamlDotNet.dll
Symbol file LoadedFromMemory doesn't match image D:\Unity Projects\Github\Little_Warrior_Reboot\Little_Warrior_Reboot\Library\PackageCache\com.unity.visualscripting@1.7.8\Editor\VisualScripting.Core\Dependencies\DotNetZip\Unity.VisualScripting.IonicZip.dll
Native extension for UWP target not found
Native extension for WindowsStandalone target not found
Native extension for WebGL target not found
Refreshing native plugins compatible for Editor in 1.30 ms, found 4 plugins.
Preloading 0 native plugins for Editor in 0.00 ms.
Mono: successfully reloaded assembly
- Completed reload, in  1.344 seconds
Domain Reload Profiling:
	ReloadAssembly (1345ms)
		BeginReloadAssembly (162ms)
			ExecutionOrderSort (0ms)
			DisableScriptedObjects (6ms)
			BackupInstance (0ms)
			ReleaseScriptingObjects (0ms)
			CreateAndSetChildDomain (49ms)
		EndReloadAssembly (1042ms)
			LoadAssemblies (124ms)
			RebuildTransferFunctionScriptingTraits (0ms)
			SetupTypeCache (280ms)
			ReleaseScriptCaches (4ms)
			RebuildScriptCaches (74ms)
			SetupLoadedEditorAssemblies (497ms)
				LogAssemblyErrors (0ms)
				InitializePlatformSupportModulesInManaged (16ms)
				SetLoadedEditorAssemblies (0ms)
				RefreshPlugins (1ms)
				BeforeProcessingInitializeOnLoad (94ms)
				ProcessInitializeOnLoadAttributes (295ms)
				ProcessInitializeOnLoadMethodAttributes (80ms)
				AfterProcessingInitializeOnLoad (10ms)
				EditorAssembliesLoaded (0ms)
			ExecutionOrderSort2 (0ms)
			AwakeInstancesAfterBackupRestoration (13ms)
Platform modules already initialized, skipping
Refreshing native plugins compatible for Editor in 3.38 ms, found 4 plugins.
Preloading 0 native plugins for Editor in 0.00 ms.
Unloading 5972 Unused Serialized files (Serialized files now loaded: 0)
Unloading 44 unused Assets / (1.2 MB). Loaded Objects now: 6847.
Memory consumption went from 237.6 MB to 236.3 MB.
Total: 6.418200 ms (FindLiveObjects: 0.635000 ms CreateObjectMapping: 0.636500 ms MarkObjects: 3.891800 ms  DeleteObjects: 1.253600 ms)

AssetImportParameters requested are different than current active one (requested -> active):
  custom:video-decoder-ogg-theora: a1e56fd34408186e4bbccfd4996cb3dc -> 
  custom:container-muxer-webm: aa71ff27fc2769a1b78a27578f13a17b -> 
  custom:container-demuxer-webm: 4f35f7cbe854078d1ac9338744f61a02 -> 
  custom:video-encoder-webm-vp8: eb34c28f22e8b96e1ab97ce403110664 -> 
  custom:video-codec-MediaFoundation-h265: e54d7ab0439102e2317fc1e4b246158d -> 
  custom:audio-encoder-webm-vorbis: bf7c407c2cedff20999df2af8eb42d56 -> 
  custom:framework-win-MediaFoundation: 216162199b28c13a410421893ffa2e32 -> 
  custom:container-demuxer-ogg: 62fdf1f143b41e24485cea50d1cbac27 -> 
  custom:video-decoder-webm-vp8: 9c59270c3fd7afecdb556c50c9e8de78 -> 
  custom:audio-decoder-ogg-vorbis: bf7c407c2cedff20999df2af8eb42d56 -> 
========================================================================
Received Prepare
Registering precompiled user dll's ...
Registered in 0.007234 seconds.
Begin MonoManager ReloadAssembly
Symbol file LoadedFromMemory doesn't match image D:\Unity Projects\Github\Little_Warrior_Reboot\Little_Warrior_Reboot\Library\PackageCache\com.unity.visualscripting@1.7.8\Editor\VisualScripting.Core\Dependencies\YamlDotNet\Unity.VisualScripting.YamlDotNet.dll
Symbol file LoadedFromMemory doesn't match image D:\Unity Projects\Github\Little_Warrior_Reboot\Little_Warrior_Reboot\Library\PackageCache\com.unity.visualscripting@1.7.8\Editor\VisualScripting.Core\Dependencies\DotNetZip\Unity.VisualScripting.IonicZip.dll
Native extension for UWP target not found
Native extension for WindowsStandalone target not found
Native extension for WebGL target not found
Refreshing native plugins compatible for Editor in 1.53 ms, found 4 plugins.
Preloading 0 native plugins for Editor in 0.00 ms.
Mono: successfully reloaded assembly
- Completed reload, in  1.402 seconds
Domain Reload Profiling:
	ReloadAssembly (1403ms)
		BeginReloadAssembly (145ms)
			ExecutionOrderSort (0ms)
			DisableScriptedObjects (7ms)
			BackupInstance (0ms)
			ReleaseScriptingObjects (0ms)
			CreateAndSetChildDomain (46ms)
		EndReloadAssembly (1125ms)
			LoadAssemblies (120ms)
			RebuildTransferFunctionScriptingTraits (0ms)
			SetupTypeCache (297ms)
			ReleaseScriptCaches (2ms)
			RebuildScriptCaches (63ms)
			SetupLoadedEditorAssemblies (551ms)
				LogAssemblyErrors (0ms)
				InitializePlatformSupportModulesInManaged (17ms)
				SetLoadedEditorAssemblies (1ms)
				RefreshPlugins (2ms)
				BeforeProcessingInitializeOnLoad (105ms)
				ProcessInitializeOnLoadAttributes (324ms)
				ProcessInitializeOnLoadMethodAttributes (91ms)
				AfterProcessingInitializeOnLoad (12ms)
				EditorAssembliesLoaded (0ms)
			ExecutionOrderSort2 (0ms)
			AwakeInstancesAfterBackupRestoration (15ms)
Platform modules already initialized, skipping
Refreshing native plugins compatible for Editor in 3.73 ms, found 4 plugins.
Preloading 0 native plugins for Editor in 0.00 ms.
Unloading 5972 Unused Serialized files (Serialized files now loaded: 0)
Unloading 44 unused Assets / (1.2 MB). Loaded Objects now: 6862.
Memory consumption went from 237.6 MB to 236.4 MB.
Total: 5.837000 ms (FindLiveObjects: 0.678000 ms CreateObjectMapping: 0.161100 ms MarkObjects: 3.920900 ms  DeleteObjects: 1.075400 ms)

AssetImportParameters requested are different than current active one (requested -> active):
  custom:video-decoder-ogg-theora: a1e56fd34408186e4bbccfd4996cb3dc -> 
  custom:container-muxer-webm: aa71ff27fc2769a1b78a27578f13a17b -> 
  custom:container-demuxer-webm: 4f35f7cbe854078d1ac9338744f61a02 -> 
  custom:video-encoder-webm-vp8: eb34c28f22e8b96e1ab97ce403110664 -> 
  custom:video-codec-MediaFoundation-h265: e54d7ab0439102e2317fc1e4b246158d -> 
  custom:audio-encoder-webm-vorbis: bf7c407c2cedff20999df2af8eb42d56 -> 
  custom:framework-win-MediaFoundation: 216162199b28c13a410421893ffa2e32 -> 
  custom:container-demuxer-ogg: 62fdf1f143b41e24485cea50d1cbac27 -> 
  custom:video-decoder-webm-vp8: 9c59270c3fd7afecdb556c50c9e8de78 -> 
  custom:audio-decoder-ogg-vorbis: bf7c407c2cedff20999df2af8eb42d56 -> 
========================================================================
Received Prepare
Registering precompiled user dll's ...
Registered in 0.008742 seconds.
Begin MonoManager ReloadAssembly
Symbol file LoadedFromMemory doesn't match image D:\Unity Projects\Github\Little_Warrior_Reboot\Little_Warrior_Reboot\Library\PackageCache\com.unity.visualscripting@1.7.8\Editor\VisualScripting.Core\Dependencies\YamlDotNet\Unity.VisualScripting.YamlDotNet.dll
Symbol file LoadedFromMemory doesn't match image D:\Unity Projects\Github\Little_Warrior_Reboot\Little_Warrior_Reboot\Library\PackageCache\com.unity.visualscripting@1.7.8\Editor\VisualScripting.Core\Dependencies\DotNetZip\Unity.VisualScripting.IonicZip.dll
Native extension for UWP target not found
Native extension for WindowsStandalone target not found
Native extension for WebGL target not found
Refreshing native plugins compatible for Editor in 1.40 ms, found 4 plugins.
Preloading 0 native plugins for Editor in 0.00 ms.
Mono: successfully reloaded assembly
- Completed reload, in  1.421 seconds
Domain Reload Profiling:
	ReloadAssembly (1421ms)
		BeginReloadAssembly (153ms)
			ExecutionOrderSort (0ms)
			DisableScriptedObjects (6ms)
			BackupInstance (0ms)
			ReleaseScriptingObjects (0ms)
			CreateAndSetChildDomain (49ms)
		EndReloadAssembly (1131ms)
			LoadAssemblies (124ms)
			RebuildTransferFunctionScriptingTraits (0ms)
			SetupTypeCache (299ms)
			ReleaseScriptCaches (2ms)
			RebuildScriptCaches (66ms)
			SetupLoadedEditorAssemblies (556ms)
				LogAssemblyErrors (0ms)
				InitializePlatformSupportModulesInManaged (18ms)
				SetLoadedEditorAssemblies (1ms)
				RefreshPlugins (1ms)
				BeforeProcessingInitializeOnLoad (106ms)
				ProcessInitializeOnLoadAttributes (322ms)
				ProcessInitializeOnLoadMethodAttributes (96ms)
				AfterProcessingInitializeOnLoad (11ms)
				EditorAssembliesLoaded (0ms)
			ExecutionOrderSort2 (0ms)
			AwakeInstancesAfterBackupRestoration (13ms)
Platform modules already initialized, skipping
Refreshing native plugins compatible for Editor in 3.45 ms, found 4 plugins.
Preloading 0 native plugins for Editor in 0.00 ms.
Unloading 5972 Unused Serialized files (Serialized files now loaded: 0)
Unloading 44 unused Assets / (1.2 MB). Loaded Objects now: 6877.
Memory consumption went from 237.6 MB to 236.4 MB.
Total: 5.776200 ms (FindLiveObjects: 0.647400 ms CreateObjectMapping: 0.171300 ms MarkObjects: 4.029400 ms  DeleteObjects: 0.926900 ms)

AssetImportParameters requested are different than current active one (requested -> active):
  custom:video-decoder-ogg-theora: a1e56fd34408186e4bbccfd4996cb3dc -> 
  custom:container-muxer-webm: aa71ff27fc2769a1b78a27578f13a17b -> 
  custom:container-demuxer-webm: 4f35f7cbe854078d1ac9338744f61a02 -> 
  custom:video-encoder-webm-vp8: eb34c28f22e8b96e1ab97ce403110664 -> 
  custom:video-codec-MediaFoundation-h265: e54d7ab0439102e2317fc1e4b246158d -> 
  custom:audio-encoder-webm-vorbis: bf7c407c2cedff20999df2af8eb42d56 -> 
  custom:framework-win-MediaFoundation: 216162199b28c13a410421893ffa2e32 -> 
  custom:container-demuxer-ogg: 62fdf1f143b41e24485cea50d1cbac27 -> 
  custom:video-decoder-webm-vp8: 9c59270c3fd7afecdb556c50c9e8de78 -> 
  custom:audio-decoder-ogg-vorbis: bf7c407c2cedff20999df2af8eb42d56 -> 
========================================================================
Received Import Request.
  Time since last request: 3181.610128 seconds.
  path: Assets/Shaders/UI Shaders/BWSkillTreeBuiltIn.shadergraph
  artifactKey: Guid(6bb609316515ec1479bad7e37e8826b3) Importer(815301076,1909f56bfc062723c751e8b465ee728b)
Start importing Assets/Shaders/UI Shaders/BWSkillTreeBuiltIn.shadergraph using Guid(6bb609316515ec1479bad7e37e8826b3) Importer(815301076,1909f56bfc062723c751e8b465ee728b)  -> (artifact id: '8e4971db40f682b664ff036cec7e989d') in 0.416003 seconds 
========================================================================
Received Import Request.
  Time since last request: 128.872979 seconds.
  path: Assets/Shaders/UI Shaders/SkillTreeBWShader.shader
  artifactKey: Guid(88ff137115b673146acc39eaccf49372) Importer(815301076,1909f56bfc062723c751e8b465ee728b)
Start importing Assets/Shaders/UI Shaders/SkillTreeBWShader.shader using Guid(88ff137115b673146acc39eaccf49372) Importer(815301076,1909f56bfc062723c751e8b465ee728b)  -> (artifact id: 'ab518975e174740f46ddb8495f4c3bd7') in 0.009225 seconds 
========================================================================
Received Import Request.
  Time since last request: 115.314088 seconds.
  path: Assets/Shaders/UI Shaders/TestCustomBW.mat
  artifactKey: Guid(7f0cd9de09d4d234fbd8833769415872) Importer(815301076,1909f56bfc062723c751e8b465ee728b)
Start importing Assets/Shaders/UI Shaders/TestCustomBW.mat using Guid(7f0cd9de09d4d234fbd8833769415872) Importer(815301076,1909f56bfc062723c751e8b465ee728b)  -> (artifact id: 'c433c9183924dfb13ecf01e1b3ace555') in 0.829725 seconds 
========================================================================
Received Import Request.
  Time since last request: 48.429581 seconds.
  path: Assets/Shaders/UI Shaders/TestBuiltInMat.mat
  artifactKey: Guid(5272f762c3c804942b84dc2f1f4be299) Importer(815301076,1909f56bfc062723c751e8b465ee728b)
Start importing Assets/Shaders/UI Shaders/TestBuiltInMat.mat using Guid(5272f762c3c804942b84dc2f1f4be299) Importer(815301076,1909f56bfc062723c751e8b465ee728b)  -> (artifact id: '1d7c59f519ce3b1751dddb24ed0cabb3') in 0.029976 seconds 
========================================================================
Received Import Request.
  Time since last request: 209.730037 seconds.
  path: Assets/Shaders/UI Shaders/TestCustomBW.mat
  artifactKey: Guid(7f0cd9de09d4d234fbd8833769415872) Importer(815301076,1909f56bfc062723c751e8b465ee728b)
Start importing Assets/Shaders/UI Shaders/TestCustomBW.mat using Guid(7f0cd9de09d4d234fbd8833769415872) Importer(815301076,1909f56bfc062723c751e8b465ee728b)  -> (artifact id: '78d07953179da2f1a1f5d2184431bb18') in 0.054001 seconds 
========================================================================
Received Import Request.
  Time since last request: 79.743223 seconds.
  path: Assets/Shaders/UI Shaders/TestBuiltInMat.mat
  artifactKey: Guid(5272f762c3c804942b84dc2f1f4be299) Importer(815301076,1909f56bfc062723c751e8b465ee728b)
Start importing Assets/Shaders/UI Shaders/TestBuiltInMat.mat using Guid(5272f762c3c804942b84dc2f1f4be299) Importer(815301076,1909f56bfc062723c751e8b465ee728b)  -> (artifact id: 'd51b8074294b4ebd54dbf768a4b9d440') in 0.017471 seconds 
========================================================================
Received Import Request.
  Time since last request: 85.961906 seconds.
  path: Assets/Shaders/UI Shaders/TestCustomBW.mat
  artifactKey: Guid(7f0cd9de09d4d234fbd8833769415872) Importer(815301076,1909f56bfc062723c751e8b465ee728b)
Start importing Assets/Shaders/UI Shaders/TestCustomBW.mat using Guid(7f0cd9de09d4d234fbd8833769415872) Importer(815301076,1909f56bfc062723c751e8b465ee728b)  -> (artifact id: 'b4056ba179af05c0cc98ec3446474f95') in 0.014332 seconds 
========================================================================
Received Import Request.
  Time since last request: 30.368637 seconds.
  path: Assets/Shaders/UI Shaders/TestCustomBW.mat
  artifactKey: Guid(7f0cd9de09d4d234fbd8833769415872) Importer(815301076,1909f56bfc062723c751e8b465ee728b)
Start importing Assets/Shaders/UI Shaders/TestCustomBW.mat using Guid(7f0cd9de09d4d234fbd8833769415872) Importer(815301076,1909f56bfc062723c751e8b465ee728b)  -> (artifact id: '461964764f818c74ccfb8ed9a3e31e29') in 0.014411 seconds 
========================================================================
Received Import Request.
  Time since last request: 49.752837 seconds.
  path: Assets/Shaders/UI Shaders/TestCustomBW.mat
  artifactKey: Guid(7f0cd9de09d4d234fbd8833769415872) Importer(815301076,1909f56bfc062723c751e8b465ee728b)
Start importing Assets/Shaders/UI Shaders/TestCustomBW.mat using Guid(7f0cd9de09d4d234fbd8833769415872) Importer(815301076,1909f56bfc062723c751e8b465ee728b)  -> (artifact id: '0b3fabc7bee8cb4b49869ab829ec83d6') in 0.011980 seconds 
========================================================================
Received Import Request.
  Time since last request: 149.780846 seconds.
  path: Assets/Shaders/UI Shaders/TestCustomBWLocked.mat
  artifactKey: Guid(7f0cd9de09d4d234fbd8833769415872) Importer(815301076,1909f56bfc062723c751e8b465ee728b)
Start importing Assets/Shaders/UI Shaders/TestCustomBWLocked.mat using Guid(7f0cd9de09d4d234fbd8833769415872) Importer(815301076,1909f56bfc062723c751e8b465ee728b)  -> (artifact id: '0134d315ef7860a5a3885cd97573c36b') in 0.020116 seconds 
========================================================================
Received Import Request.
  Time since last request: 7.527151 seconds.
  path: Packages/com.unity.cinemachine/Editor/EditorResources/PostProcessLayer.png
  artifactKey: Guid(ba6fb66d108240a4a98dea11660dc646) Importer(815301076,1909f56bfc062723c751e8b465ee728b)
Start importing Packages/com.unity.cinemachine/Editor/EditorResources/PostProcessLayer.png using Guid(ba6fb66d108240a4a98dea11660dc646) Importer(815301076,1909f56bfc062723c751e8b465ee728b)  -> (artifact id: '0f8f256ea01f71bd8982656c324fb7f4') in 0.083447 seconds 
========================================================================
Received Import Request.
  Time since last request: 74.466744 seconds.
  path: Assets/TextMesh Pro/Shaders
  artifactKey: Guid(e9f693669af91aa45ad615fc681ed29f) Importer(815301076,1909f56bfc062723c751e8b465ee728b)
Start importing Assets/TextMesh Pro/Shaders using Guid(e9f693669af91aa45ad615fc681ed29f) Importer(815301076,1909f56bfc062723c751e8b465ee728b)  -> (artifact id: '16852098a277b7ddedd49287b21bfbc7') in 0.091072 seconds 
========================================================================
Received Import Request.
  Time since last request: 78.887182 seconds.
  path: Assets/Shaders/UI Shaders/SkillTreeBW.shadergraph
  artifactKey: Guid(50105ae38afb36341b5a2b3470c294fd) Importer(815301076,1909f56bfc062723c751e8b465ee728b)
Start importing Assets/Shaders/UI Shaders/SkillTreeBW.shadergraph using Guid(50105ae38afb36341b5a2b3470c294fd) Importer(815301076,1909f56bfc062723c751e8b465ee728b)  -> (artifact id: 'dbcb97b4301c1d2de14eb64917a86605') in 0.003128 seconds 
========================================================================
Received Prepare
Registering precompiled user dll's ...
Registered in 0.007971 seconds.
Begin MonoManager ReloadAssembly
Symbol file LoadedFromMemory doesn't match image D:\Unity Projects\Github\Little_Warrior_Reboot\Little_Warrior_Reboot\Library\PackageCache\com.unity.visualscripting@1.7.8\Editor\VisualScripting.Core\Dependencies\YamlDotNet\Unity.VisualScripting.YamlDotNet.dll
Symbol file LoadedFromMemory doesn't match image D:\Unity Projects\Github\Little_Warrior_Reboot\Little_Warrior_Reboot\Library\PackageCache\com.unity.visualscripting@1.7.8\Editor\VisualScripting.Core\Dependencies\DotNetZip\Unity.VisualScripting.IonicZip.dll
Native extension for UWP target not found
Native extension for WindowsStandalone target not found
Native extension for WebGL target not found
Refreshing native plugins compatible for Editor in 1.46 ms, found 4 plugins.
Preloading 0 native plugins for Editor in 0.00 ms.
Mono: successfully reloaded assembly
- Completed reload, in  2.099 seconds
Domain Reload Profiling:
	ReloadAssembly (2100ms)
		BeginReloadAssembly (389ms)
			ExecutionOrderSort (0ms)
			DisableScriptedObjects (22ms)
			BackupInstance (0ms)
			ReleaseScriptingObjects (0ms)
			CreateAndSetChildDomain (136ms)
		EndReloadAssembly (1589ms)
			LoadAssemblies (238ms)
			RebuildTransferFunctionScriptingTraits (0ms)
			SetupTypeCache (631ms)
			ReleaseScriptCaches (3ms)
			RebuildScriptCaches (67ms)
			SetupLoadedEditorAssemblies (598ms)
				LogAssemblyErrors (0ms)
				InitializePlatformSupportModulesInManaged (19ms)
				SetLoadedEditorAssemblies (1ms)
				RefreshPlugins (2ms)
				BeforeProcessingInitializeOnLoad (108ms)
				ProcessInitializeOnLoadAttributes (362ms)
				ProcessInitializeOnLoadMethodAttributes (96ms)
				AfterProcessingInitializeOnLoad (10ms)
				EditorAssembliesLoaded (0ms)
			ExecutionOrderSort2 (0ms)
			AwakeInstancesAfterBackupRestoration (17ms)
Platform modules already initialized, skipping
Refreshing native plugins compatible for Editor in 3.72 ms, found 4 plugins.
Preloading 0 native plugins for Editor in 0.00 ms.
Unloading 5971 Unused Serialized files (Serialized files now loaded: 0)
Unloading 44 unused Assets / (1.2 MB). Loaded Objects now: 6933.
Memory consumption went from 237.5 MB to 236.3 MB.
Total: 6.497700 ms (FindLiveObjects: 0.667000 ms CreateObjectMapping: 0.472300 ms MarkObjects: 4.104100 ms  DeleteObjects: 1.253300 ms)

AssetImportParameters requested are different than current active one (requested -> active):
  custom:video-decoder-ogg-theora: a1e56fd34408186e4bbccfd4996cb3dc -> 
  custom:container-muxer-webm: aa71ff27fc2769a1b78a27578f13a17b -> 
  custom:container-demuxer-webm: 4f35f7cbe854078d1ac9338744f61a02 -> 
  custom:video-encoder-webm-vp8: eb34c28f22e8b96e1ab97ce403110664 -> 
  custom:video-codec-MediaFoundation-h265: e54d7ab0439102e2317fc1e4b246158d -> 
  custom:audio-encoder-webm-vorbis: bf7c407c2cedff20999df2af8eb42d56 -> 
  custom:framework-win-MediaFoundation: 216162199b28c13a410421893ffa2e32 -> 
  custom:container-demuxer-ogg: 62fdf1f143b41e24485cea50d1cbac27 -> 
  custom:video-decoder-webm-vp8: 9c59270c3fd7afecdb556c50c9e8de78 -> 
  custom:audio-decoder-ogg-vorbis: bf7c407c2cedff20999df2af8eb42d56 -> 
========================================================================
Received Prepare
Registering precompiled user dll's ...
Registered in 0.007523 seconds.
Begin MonoManager ReloadAssembly
Symbol file LoadedFromMemory doesn't match image D:\Unity Projects\Github\Little_Warrior_Reboot\Little_Warrior_Reboot\Library\PackageCache\com.unity.visualscripting@1.7.8\Editor\VisualScripting.Core\Dependencies\YamlDotNet\Unity.VisualScripting.YamlDotNet.dll
Symbol file LoadedFromMemory doesn't match image D:\Unity Projects\Github\Little_Warrior_Reboot\Little_Warrior_Reboot\Library\PackageCache\com.unity.visualscripting@1.7.8\Editor\VisualScripting.Core\Dependencies\DotNetZip\Unity.VisualScripting.IonicZip.dll
Native extension for UWP target not found
Native extension for WindowsStandalone target not found
Native extension for WebGL target not found
Refreshing native plugins compatible for Editor in 1.28 ms, found 4 plugins.
Preloading 0 native plugins for Editor in 0.00 ms.
Mono: successfully reloaded assembly
- Completed reload, in  1.246 seconds
Domain Reload Profiling:
	ReloadAssembly (1247ms)
		BeginReloadAssembly (141ms)
			ExecutionOrderSort (0ms)
			DisableScriptedObjects (7ms)
			BackupInstance (0ms)
			ReleaseScriptingObjects (0ms)
			CreateAndSetChildDomain (45ms)
		EndReloadAssembly (1002ms)
			LoadAssemblies (109ms)
			RebuildTransferFunctionScriptingTraits (0ms)
			SetupTypeCache (270ms)
			ReleaseScriptCaches (3ms)
			RebuildScriptCaches (52ms)
			SetupLoadedEditorAssemblies (495ms)
				LogAssemblyErrors (0ms)
				InitializePlatformSupportModulesInManaged (15ms)
				SetLoadedEditorAssemblies (0ms)
				RefreshPlugins (1ms)
				BeforeProcessingInitializeOnLoad (99ms)
				ProcessInitializeOnLoadAttributes (288ms)
				ProcessInitializeOnLoadMethodAttributes (81ms)
				AfterProcessingInitializeOnLoad (10ms)
				EditorAssembliesLoaded (0ms)
			ExecutionOrderSort2 (0ms)
			AwakeInstancesAfterBackupRestoration (12ms)
Platform modules already initialized, skipping
Refreshing native plugins compatible for Editor in 3.66 ms, found 4 plugins.
Preloading 0 native plugins for Editor in 0.00 ms.
Unloading 5972 Unused Serialized files (Serialized files now loaded: 0)
Unloading 44 unused Assets / (1.2 MB). Loaded Objects now: 6948.
Memory consumption went from 237.6 MB to 236.4 MB.
Total: 5.049200 ms (FindLiveObjects: 0.609700 ms CreateObjectMapping: 0.177400 ms MarkObjects: 3.429000 ms  DeleteObjects: 0.832300 ms)

AssetImportParameters requested are different than current active one (requested -> active):
  custom:video-decoder-ogg-theora: a1e56fd34408186e4bbccfd4996cb3dc -> 
  custom:container-muxer-webm: aa71ff27fc2769a1b78a27578f13a17b -> 
  custom:container-demuxer-webm: 4f35f7cbe854078d1ac9338744f61a02 -> 
  custom:video-encoder-webm-vp8: eb34c28f22e8b96e1ab97ce403110664 -> 
  custom:video-codec-MediaFoundation-h265: e54d7ab0439102e2317fc1e4b246158d -> 
  custom:audio-encoder-webm-vorbis: bf7c407c2cedff20999df2af8eb42d56 -> 
  custom:framework-win-MediaFoundation: 216162199b28c13a410421893ffa2e32 -> 
  custom:container-demuxer-ogg: 62fdf1f143b41e24485cea50d1cbac27 -> 
  custom:video-decoder-webm-vp8: 9c59270c3fd7afecdb556c50c9e8de78 -> 
  custom:audio-decoder-ogg-vorbis: bf7c407c2cedff20999df2af8eb42d56 -> 
========================================================================
Received Import Request.
  Time since last request: 115.583111 seconds.
  path: Assets/Shaders/UI Shaders/SkillTreeBW.shadergraph
  artifactKey: Guid(50105ae38afb36341b5a2b3470c294fd) Importer(815301076,1909f56bfc062723c751e8b465ee728b)
Start importing Assets/Shaders/UI Shaders/SkillTreeBW.shadergraph using Guid(50105ae38afb36341b5a2b3470c294fd) Importer(815301076,1909f56bfc062723c751e8b465ee728b)  -> (artifact id: '169bcc12efa403e994e513e244c1993c') in 0.019590 seconds 
========================================================================
Received Prepare
Registering precompiled user dll's ...
Registered in 0.008027 seconds.
Begin MonoManager ReloadAssembly
Symbol file LoadedFromMemory doesn't match image D:\Unity Projects\Github\Little_Warrior_Reboot\Little_Warrior_Reboot\Library\PackageCache\com.unity.visualscripting@1.7.8\Editor\VisualScripting.Core\Dependencies\YamlDotNet\Unity.VisualScripting.YamlDotNet.dll
Symbol file LoadedFromMemory doesn't match image D:\Unity Projects\Github\Little_Warrior_Reboot\Little_Warrior_Reboot\Library\PackageCache\com.unity.visualscripting@1.7.8\Editor\VisualScripting.Core\Dependencies\DotNetZip\Unity.VisualScripting.IonicZip.dll
Native extension for UWP target not found
Native extension for WindowsStandalone target not found
Native extension for WebGL target not found
Refreshing native plugins compatible for Editor in 1.21 ms, found 4 plugins.
Preloading 0 native plugins for Editor in 0.00 ms.
Mono: successfully reloaded assembly
- Completed reload, in  1.424 seconds
Domain Reload Profiling:
	ReloadAssembly (1425ms)
		BeginReloadAssembly (205ms)
			ExecutionOrderSort (0ms)
			DisableScriptedObjects (9ms)
			BackupInstance (0ms)
			ReleaseScriptingObjects (0ms)
			CreateAndSetChildDomain (91ms)
		EndReloadAssembly (1109ms)
			LoadAssemblies (124ms)
			RebuildTransferFunctionScriptingTraits (0ms)
			SetupTypeCache (296ms)
			ReleaseScriptCaches (3ms)
			RebuildScriptCaches (62ms)
			SetupLoadedEditorAssemblies (544ms)
				LogAssemblyErrors (0ms)
				InitializePlatformSupportModulesInManaged (17ms)
				SetLoadedEditorAssemblies (0ms)
				RefreshPlugins (1ms)
				BeforeProcessingInitializeOnLoad (102ms)
				ProcessInitializeOnLoadAttributes (319ms)
				ProcessInitializeOnLoadMethodAttributes (90ms)
				AfterProcessingInitializeOnLoad (12ms)
				EditorAssembliesLoaded (1ms)
			ExecutionOrderSort2 (0ms)
			AwakeInstancesAfterBackupRestoration (15ms)
Platform modules already initialized, skipping
Refreshing native plugins compatible for Editor in 3.75 ms, found 4 plugins.
Preloading 0 native plugins for Editor in 0.00 ms.
Unloading 5972 Unused Serialized files (Serialized files now loaded: 0)
Unloading 44 unused Assets / (1.2 MB). Loaded Objects now: 6963.
Memory consumption went from 237.6 MB to 236.4 MB.
Total: 6.157700 ms (FindLiveObjects: 0.795700 ms CreateObjectMapping: 0.190400 ms MarkObjects: 3.999700 ms  DeleteObjects: 1.170500 ms)

AssetImportParameters requested are different than current active one (requested -> active):
  custom:video-decoder-ogg-theora: a1e56fd34408186e4bbccfd4996cb3dc -> 
  custom:container-muxer-webm: aa71ff27fc2769a1b78a27578f13a17b -> 
  custom:container-demuxer-webm: 4f35f7cbe854078d1ac9338744f61a02 -> 
  custom:video-encoder-webm-vp8: eb34c28f22e8b96e1ab97ce403110664 -> 
  custom:video-codec-MediaFoundation-h265: e54d7ab0439102e2317fc1e4b246158d -> 
  custom:audio-encoder-webm-vorbis: bf7c407c2cedff20999df2af8eb42d56 -> 
  custom:framework-win-MediaFoundation: 216162199b28c13a410421893ffa2e32 -> 
  custom:container-demuxer-ogg: 62fdf1f143b41e24485cea50d1cbac27 -> 
  custom:video-decoder-webm-vp8: 9c59270c3fd7afecdb556c50c9e8de78 -> 
  custom:audio-decoder-ogg-vorbis: bf7c407c2cedff20999df2af8eb42d56 -> 
========================================================================
Received Import Request.
  Time since last request: 37.460865 seconds.
  path: Assets/Materials/SkillTreeUnlockedMaterial.mat
  artifactKey: Guid(73cd0b989a11940489d3ef3d23891999) Importer(815301076,1909f56bfc062723c751e8b465ee728b)
Start importing Assets/Materials/SkillTreeUnlockedMaterial.mat using Guid(73cd0b989a11940489d3ef3d23891999) Importer(815301076,1909f56bfc062723c751e8b465ee728b)  -> (artifact id: '1b1b533451de75258c58adbec67fe588') in 0.764722 seconds 
========================================================================
Received Prepare
Registering precompiled user dll's ...
Registered in 0.008073 seconds.
Begin MonoManager ReloadAssembly
Symbol file LoadedFromMemory doesn't match image D:\Unity Projects\Github\Little_Warrior_Reboot\Little_Warrior_Reboot\Library\PackageCache\com.unity.visualscripting@1.7.8\Editor\VisualScripting.Core\Dependencies\YamlDotNet\Unity.VisualScripting.YamlDotNet.dll
Symbol file LoadedFromMemory doesn't match image D:\Unity Projects\Github\Little_Warrior_Reboot\Little_Warrior_Reboot\Library\PackageCache\com.unity.visualscripting@1.7.8\Editor\VisualScripting.Core\Dependencies\DotNetZip\Unity.VisualScripting.IonicZip.dll
Native extension for UWP target not found
Native extension for WindowsStandalone target not found
Native extension for WebGL target not found
Refreshing native plugins compatible for Editor in 1.78 ms, found 4 plugins.
Preloading 0 native plugins for Editor in 0.00 ms.
Mono: successfully reloaded assembly
- Completed reload, in  1.356 seconds
Domain Reload Profiling:
	ReloadAssembly (1357ms)
		BeginReloadAssembly (156ms)
			ExecutionOrderSort (0ms)
			DisableScriptedObjects (10ms)
			BackupInstance (0ms)
			ReleaseScriptingObjects (0ms)
			CreateAndSetChildDomain (53ms)
		EndReloadAssembly (1095ms)
			LoadAssemblies (110ms)
			RebuildTransferFunctionScriptingTraits (0ms)
			SetupTypeCache (290ms)
			ReleaseScriptCaches (2ms)
			RebuildScriptCaches (61ms)
			SetupLoadedEditorAssemblies (547ms)
				LogAssemblyErrors (0ms)
				InitializePlatformSupportModulesInManaged (15ms)
				SetLoadedEditorAssemblies (1ms)
				RefreshPlugins (2ms)
				BeforeProcessingInitializeOnLoad (103ms)
				ProcessInitializeOnLoadAttributes (324ms)
				ProcessInitializeOnLoadMethodAttributes (92ms)
				AfterProcessingInitializeOnLoad (11ms)
				EditorAssembliesLoaded (0ms)
			ExecutionOrderSort2 (0ms)
			AwakeInstancesAfterBackupRestoration (15ms)
Platform modules already initialized, skipping
Refreshing native plugins compatible for Editor in 3.23 ms, found 4 plugins.
Preloading 0 native plugins for Editor in 0.00 ms.
Unloading 5971 Unused Serialized files (Serialized files now loaded: 0)
Unloading 44 unused Assets / (1.2 MB). Loaded Objects now: 7019.
Memory consumption went from 237.6 MB to 236.4 MB.
Total: 7.068300 ms (FindLiveObjects: 1.052700 ms CreateObjectMapping: 0.576800 ms MarkObjects: 4.489200 ms  DeleteObjects: 0.948300 ms)

AssetImportParameters requested are different than current active one (requested -> active):
  custom:video-decoder-ogg-theora: a1e56fd34408186e4bbccfd4996cb3dc -> 
  custom:container-muxer-webm: aa71ff27fc2769a1b78a27578f13a17b -> 
  custom:container-demuxer-webm: 4f35f7cbe854078d1ac9338744f61a02 -> 
  custom:video-encoder-webm-vp8: eb34c28f22e8b96e1ab97ce403110664 -> 
  custom:video-codec-MediaFoundation-h265: e54d7ab0439102e2317fc1e4b246158d -> 
  custom:audio-encoder-webm-vorbis: bf7c407c2cedff20999df2af8eb42d56 -> 
  custom:framework-win-MediaFoundation: 216162199b28c13a410421893ffa2e32 -> 
  custom:container-demuxer-ogg: 62fdf1f143b41e24485cea50d1cbac27 -> 
  custom:video-decoder-webm-vp8: 9c59270c3fd7afecdb556c50c9e8de78 -> 
  custom:audio-decoder-ogg-vorbis: bf7c407c2cedff20999df2af8eb42d56 -> 
========================================================================
Received Import Request.
  Time since last request: 245.208851 seconds.
  path: Assets/Materials/SkillTreeLocked.mat
  artifactKey: Guid(622a9bdcd21ee67469836b6bff4d88b6) Importer(815301076,1909f56bfc062723c751e8b465ee728b)
Start importing Assets/Materials/SkillTreeLocked.mat using Guid(622a9bdcd21ee67469836b6bff4d88b6) Importer(815301076,1909f56bfc062723c751e8b465ee728b)  -> (artifact id: 'c267ddfcd0a5be44bfbc32cc692d214b') in 0.162780 seconds 
========================================================================
Received Import Request.
  Time since last request: 2.258279 seconds.
  path: Assets/Shaders/UI Shaders/TestCustomBWLocked.mat
  artifactKey: Guid(7f0cd9de09d4d234fbd8833769415872) Importer(815301076,1909f56bfc062723c751e8b465ee728b)
Start importing Assets/Shaders/UI Shaders/TestCustomBWLocked.mat using Guid(7f0cd9de09d4d234fbd8833769415872) Importer(815301076,1909f56bfc062723c751e8b465ee728b)  -> (artifact id: '72c3ed4572fa685339f2325a1a02e148') in 0.038877 seconds 
========================================================================
Received Import Request.
  Time since last request: 0.509134 seconds.
  path: Assets/Shaders/UI Shaders/SkillTreeBWShader.shader
  artifactKey: Guid(88ff137115b673146acc39eaccf49372) Importer(815301076,1909f56bfc062723c751e8b465ee728b)
Start importing Assets/Shaders/UI Shaders/SkillTreeBWShader.shader using Guid(88ff137115b673146acc39eaccf49372) Importer(815301076,1909f56bfc062723c751e8b465ee728b)  -> (artifact id: '90d7abc5d2beeae8e6e3aa45fdfb78f6') in 0.007435 seconds 
========================================================================
Received Import Request.
  Time since last request: 480.058302 seconds.
  path: Assets/Shaders/UI Shaders/TestCustomBWLocked.mat
  artifactKey: Guid(7f0cd9de09d4d234fbd8833769415872) Importer(815301076,1909f56bfc062723c751e8b465ee728b)
Start importing Assets/Shaders/UI Shaders/TestCustomBWLocked.mat using Guid(7f0cd9de09d4d234fbd8833769415872) Importer(815301076,1909f56bfc062723c751e8b465ee728b)  -> (artifact id: 'a929fb1f6086174538dcb10d333e6cbd') in 0.017620 seconds 
========================================================================
Received Import Request.
  Time since last request: 88.901010 seconds.
  path: Assets/Shaders/UI Shaders/TestCustomBWLocked.mat
  artifactKey: Guid(7f0cd9de09d4d234fbd8833769415872) Importer(815301076,1909f56bfc062723c751e8b465ee728b)
Start importing Assets/Shaders/UI Shaders/TestCustomBWLocked.mat using Guid(7f0cd9de09d4d234fbd8833769415872) Importer(815301076,1909f56bfc062723c751e8b465ee728b)  -> (artifact id: 'd7f95f15f725330292a6723a5b4a77ae') in 0.046119 seconds 
========================================================================
Received Import Request.
  Time since last request: 58.582090 seconds.
  path: Assets/Shaders/UI Shaders/TestCustomBWLocked.mat
  artifactKey: Guid(7f0cd9de09d4d234fbd8833769415872) Importer(815301076,1909f56bfc062723c751e8b465ee728b)
Start importing Assets/Shaders/UI Shaders/TestCustomBWLocked.mat using Guid(7f0cd9de09d4d234fbd8833769415872) Importer(815301076,1909f56bfc062723c751e8b465ee728b)  -> (artifact id: '5043ffe83dcf09587db2c1c551037e81') in 0.716945 seconds 
========================================================================
Received Import Request.
  Time since last request: 28.530210 seconds.
  path: Assets/Shaders/UI Shaders/TestCustomBWLocked.mat
  artifactKey: Guid(7f0cd9de09d4d234fbd8833769415872) Importer(815301076,1909f56bfc062723c751e8b465ee728b)
Start importing Assets/Shaders/UI Shaders/TestCustomBWLocked.mat using Guid(7f0cd9de09d4d234fbd8833769415872) Importer(815301076,1909f56bfc062723c751e8b465ee728b)  -> (artifact id: '7dbbd8531d014ce1124c6465b694f851') in 0.011107 seconds 
========================================================================
Received Import Request.
  Time since last request: 188.468543 seconds.
  path: Assets/Shaders/UI Shaders/TestCustomBWLocked.mat
  artifactKey: Guid(7f0cd9de09d4d234fbd8833769415872) Importer(815301076,1909f56bfc062723c751e8b465ee728b)
Start importing Assets/Shaders/UI Shaders/TestCustomBWLocked.mat using Guid(7f0cd9de09d4d234fbd8833769415872) Importer(815301076,1909f56bfc062723c751e8b465ee728b)  -> (artifact id: '8001270916ba2b7c2279cce32b357272') in 0.012763 seconds 
========================================================================
Received Import Request.
  Time since last request: 41.385509 seconds.
  path: Assets/Shaders/UI Shaders/TestCustomBWLocked.mat
  artifactKey: Guid(7f0cd9de09d4d234fbd8833769415872) Importer(815301076,1909f56bfc062723c751e8b465ee728b)
Start importing Assets/Shaders/UI Shaders/TestCustomBWLocked.mat using Guid(7f0cd9de09d4d234fbd8833769415872) Importer(815301076,1909f56bfc062723c751e8b465ee728b)  -> (artifact id: '633cc63613a6d396b4573f9c1ecd546d') in 0.011345 seconds 
========================================================================
Received Import Request.
  Time since last request: 77.780010 seconds.
  path: Assets/Shaders/UI Shaders/TestCustomBWLocked.mat
  artifactKey: Guid(7f0cd9de09d4d234fbd8833769415872) Importer(815301076,1909f56bfc062723c751e8b465ee728b)
Start importing Assets/Shaders/UI Shaders/TestCustomBWLocked.mat using Guid(7f0cd9de09d4d234fbd8833769415872) Importer(815301076,1909f56bfc062723c751e8b465ee728b)  -> (artifact id: '00945a25c64f3b0af2c2808fc0c9dabc') in 0.010211 seconds 
========================================================================
Received Import Request.
  Time since last request: 12.853314 seconds.
  path: Packages/com.unity.cinemachine/Editor/EditorResources/Cinemachine_header.tif
  artifactKey: Guid(372fe04232d5ed94d8d71524616c1543) Importer(815301076,1909f56bfc062723c751e8b465ee728b)
Start importing Packages/com.unity.cinemachine/Editor/EditorResources/Cinemachine_header.tif using Guid(372fe04232d5ed94d8d71524616c1543) Importer(815301076,1909f56bfc062723c751e8b465ee728b)  -> (artifact id: '449a6c8309856b455dc1b1d7e5b87055') in 0.182231 seconds 
========================================================================
Received Import Request.
  Time since last request: 0.000045 seconds.
  path: Packages/com.unity.cinemachine/Editor/EditorResources/cm_logo_sm.png
  artifactKey: Guid(5f2a108eb023faf43a809979fd3d38f2) Importer(815301076,1909f56bfc062723c751e8b465ee728b)
Start importing Packages/com.unity.cinemachine/Editor/EditorResources/cm_logo_sm.png using Guid(5f2a108eb023faf43a809979fd3d38f2) Importer(815301076,1909f56bfc062723c751e8b465ee728b)  -> (artifact id: '748bc833c524a49453e2e2172508eb1f') in 0.096859 seconds 
========================================================================
Received Import Request.
  Time since last request: 1.071352 seconds.
  path: Packages/com.unity.inputsystem/InputSystem/Editor/Icons/d_InputControl.png
  artifactKey: Guid(399cd90f4e31041e692a7d3a8b1aa4d0) Importer(815301076,1909f56bfc062723c751e8b465ee728b)
Start importing Packages/com.unity.inputsystem/InputSystem/Editor/Icons/d_InputControl.png using Guid(399cd90f4e31041e692a7d3a8b1aa4d0) Importer(815301076,1909f56bfc062723c751e8b465ee728b)  -> (artifact id: '0c91e15cf5ab8130a2ece41cac7e4165') in 0.063041 seconds 
========================================================================
Received Import Request.
  Time since last request: 0.000030 seconds.
  path: Packages/com.unity.inputsystem/InputSystem/Editor/Icons/d_Interactive Binding@4x.png
  artifactKey: Guid(f4e6ca70dd9734da1a812be882c6364e) Importer(815301076,1909f56bfc062723c751e8b465ee728b)
Start importing Packages/com.unity.inputsystem/InputSystem/Editor/Icons/d_Interactive Binding@4x.png using Guid(f4e6ca70dd9734da1a812be882c6364e) Importer(815301076,1909f56bfc062723c751e8b465ee728b)  -> (artifact id: '75b277376f72f17d15c24156a4570415') in 0.039288 seconds 
========================================================================
Received Import Request.
  Time since last request: 0.000044 seconds.
  path: Packages/com.unity.2d.animation/Editor/Assets/Icons/Light/Sprite Library.png
  artifactKey: Guid(902fb3e231a868949990174226b200d0) Importer(815301076,1909f56bfc062723c751e8b465ee728b)
Start importing Packages/com.unity.2d.animation/Editor/Assets/Icons/Light/Sprite Library.png using Guid(902fb3e231a868949990174226b200d0) Importer(815301076,1909f56bfc062723c751e8b465ee728b)  -> (artifact id: 'e9fa43484796fafd98f0e84f49129a6b') in 0.095394 seconds 
========================================================================
Received Import Request.
  Time since last request: 0.000029 seconds.
  path: Packages/com.unity.inputsystem/InputSystem/Editor/Icons/d_Keyboard@3x.png
  artifactKey: Guid(9ec4e316700da46b88741a8153b33963) Importer(815301076,1909f56bfc062723c751e8b465ee728b)
Start importing Packages/com.unity.inputsystem/InputSystem/Editor/Icons/d_Keyboard@3x.png using Guid(9ec4e316700da46b88741a8153b33963) Importer(815301076,1909f56bfc062723c751e8b465ee728b)  -> (artifact id: '9ec8de9b63f5c1572d9dedcb22b80a38') in 0.032739 seconds 
========================================================================
Received Import Request.
  Time since last request: 0.000057 seconds.
  path: Packages/com.unity.timeline/Editor/StyleSheets/Images/LightSkin/TimelineDisabledBackground.png
  artifactKey: Guid(0304baf8d224f3e47b22d872c8dcd412) Importer(815301076,1909f56bfc062723c751e8b465ee728b)
Start importing Packages/com.unity.timeline/Editor/StyleSheets/Images/LightSkin/TimelineDisabledBackground.png using Guid(0304baf8d224f3e47b22d872c8dcd412) Importer(815301076,1909f56bfc062723c751e8b465ee728b)  -> (artifact id: 'f5c4ca0ac0f8f24627be06d29f63770c') in 0.155924 seconds 
========================================================================
Received Import Request.
  Time since last request: 0.000030 seconds.
  path: Packages/com.unity.inputsystem/InputSystem/Editor/Icons/d_Interactive Binding@2x.png
  artifactKey: Guid(3b78dc1763429489c9a1c70faf4f9a0e) Importer(815301076,1909f56bfc062723c751e8b465ee728b)
Start importing Packages/com.unity.inputsystem/InputSystem/Editor/Icons/d_Interactive Binding@2x.png using Guid(3b78dc1763429489c9a1c70faf4f9a0e) Importer(815301076,1909f56bfc062723c751e8b465ee728b)  -> (artifact id: '9a814604ca3c50bc6e4c2d1e8c21e112') in 0.071587 seconds 
========================================================================
Received Import Request.
  Time since last request: 0.000059 seconds.
  path: Packages/com.unity.inputsystem/InputSystem/Editor/Icons/d_Keyboard.png
  artifactKey: Guid(83382fb171da648c594229ca6fa7ad94) Importer(815301076,1909f56bfc062723c751e8b465ee728b)
Start importing Packages/com.unity.inputsystem/InputSystem/Editor/Icons/d_Keyboard.png using Guid(83382fb171da648c594229ca6fa7ad94) Importer(815301076,1909f56bfc062723c751e8b465ee728b)  -> (artifact id: '81e581c307064b7a01043d5c603abc65') in 0.074922 seconds 
========================================================================
Received Import Request.
  Time since last request: 0.000028 seconds.
  path: Packages/com.unity.inputsystem/InputSystem/Editor/Icons/d_Joystick@4x.png
  artifactKey: Guid(d88596134c72c47b99d7d55583f4c6bf) Importer(815301076,1909f56bfc062723c751e8b465ee728b)
Start importing Packages/com.unity.inputsystem/InputSystem/Editor/Icons/d_Joystick@4x.png using Guid(d88596134c72c47b99d7d55583f4c6bf) Importer(815301076,1909f56bfc062723c751e8b465ee728b)  -> (artifact id: '912725e3b2393bbe1489ba92d7377cd6') in 0.062925 seconds 
Editor requested this worker to shutdown with reason: Scaling down because of idle timeout
AssetImportWorker is now disconnected from the server
Process exiting
Exiting without the bug reporter. Application will terminate with return code 0